Aleksandr
Bogatov
d00db7a12947d05f5deca2e04ce199a5
[25.4.2022 | 1:24:55] {"type":"cmd","data":"run"}
,[25.4.2022 | 1:24:56] {"client-id":"2f8ad619-e553-4dfd-ba0a-848770650685","gpioa":0,"gpiob":0,"gpioc":32768,"gpiod":0,"gpioe":0,"modeltime":0,"type":"gpio"}
,[25.4.2022 | 1:24:56] {"client-id":"2f8ad619-e553-4dfd-ba0a-848770650685","gpioa":0,"gpiob":0,"gpioc":32768,"gpiod":0,"gpioe":0,"modeltime":0,"type":"gpio"}
,[25.4.2022 | 1:24:56] {"client-id":"2f8ad619-e553-4dfd-ba0a-848770650685","gpioa":0,"gpiob":0,"gpioc":32768,"gpiod":0,"gpioe":0,"modeltime":0,"type":"gpio"}
,[25.4.2022 | 1:24:56] {"client-id":"2f8ad619-e553-4dfd-ba0a-848770650685","gpioa":0,"gpiob":0,"gpioc":32768,"gpiod":0,"gpioe":0,"modeltime":0,"type":"gpio"}
,[25.4.2022 | 1:24:56] {"client-id":"2f8ad619-e553-4dfd-ba0a-848770650685","gpioa":0,"gpiob":0,"gpioc":32768,"gpiod":0,"gpioe":0,"modeltime":0,"type":"gpio"}
,[25.4.2022 | 1:24:56] {"client-id":"2f8ad619-e553-4dfd-ba0a-848770650685","gpioa":0,"gpiob":0,"gpioc":32768,"gpiod":4104,"gpioe":0,"modeltime":0,"type":"gpio"}
,[25.4.2022 | 1:24:56] {"client-id":"2f8ad619-e553-4dfd-ba0a-848770650685","gpioa":0,"gpiob":0,"gpioc":32768,"gpiod":4104,"gpioe":0,"modeltime":0,"type":"gpio"}
,[25.4.2022 | 1:24:56] {"client-id":"2f8ad619-e553-4dfd-ba0a-848770650685","gpioa":0,"gpiob":0,"gpioc":32768,"gpiod":4104,"gpioe":0,"modeltime":0,"type":"gpio"}
,[25.4.2022 | 1:24:56] {"client-id":"2f8ad619-e553-4dfd-ba0a-848770650685","gpioa":0,"gpiob":0,"gpioc":32768,"gpiod":4104,"gpioe":0,"modeltime":0,"type":"gpio"}
,[25.4.2022 | 1:24:56] {"client-id":"2f8ad619-e553-4dfd-ba0a-848770650685","gpioa":0,"gpiob":0,"gpioc":32768,"gpiod":4104,"gpioe":0,"modeltime":0,"type":"gpio"}
,[25.4.2022 | 1:24:56] {"client-id":"2f8ad619-e553-4dfd-ba0a-848770650685","gpioa":0,"gpiob":0,"gpioc":32768,"gpiod":4104,"gpioe":0,"modeltime":0,"type":"gpio"}
,[25.4.2022 | 1:24:57] {"client-id":"2f8ad619-e553-4dfd-ba0a-848770650685","gpioa":0,"gpiob":0,"gpioc":32768,"gpiod":4104,"gpioe":0,"modeltime":0,"type":"gpio"}
,[25.4.2022 | 1:24:57] {"client-id":"2f8ad619-e553-4dfd-ba0a-848770650685","gpioa":0,"gpiob":0,"gpioc":32768,"gpiod":4104,"gpioe":0,"modeltime":0,"type":"gpio"}
,[25.4.2022 | 1:24:57] {"client-id":"2f8ad619-e553-4dfd-ba0a-848770650685","gpioa":0,"gpiob":0,"gpioc":32768,"gpiod":4104,"gpioe":0,"modeltime":0,"type":"gpio"}
,[25.4.2022 | 1:24:57] {"client-id":"2f8ad619-e553-4dfd-ba0a-848770650685","gpioa":0,"gpiob":0,"gpioc":32768,"gpiod":4104,"gpioe":0,"modeltime":0,"type":"gpio"}
,[25.4.2022 | 1:24:57] {"client-id":"2f8ad619-e553-4dfd-ba0a-848770650685","gpioa":0,"gpiob":0,"gpioc":32768,"gpiod":6168,"gpioe":0,"modeltime":0,"type":"gpio"}
,[25.4.2022 | 1:24:57] {"client-id":"2f8ad619-e553-4dfd-ba0a-848770650685","gpioa":0,"gpiob":0,"gpioc":32768,"gpiod":6168,"gpioe":0,"modeltime":0,"type":"gpio"}
,[25.4.2022 | 1:24:57] {"client-id":"2f8ad619-e553-4dfd-ba0a-848770650685","gpioa":0,"gpiob":0,"gpioc":32768,"gpiod":6168,"gpioe":0,"modeltime":0,"type":"gpio"}
,[25.4.2022 | 1:24:57] {"client-id":"2f8ad619-e553-4dfd-ba0a-848770650685","gpioa":0,"gpiob":0,"gpioc":32768,"gpiod":6168,"gpioe":0,"modeltime":0,"type":"gpio"}
,[25.4.2022 | 1:24:57] {"client-id":"2f8ad619-e553-4dfd-ba0a-848770650685","gpioa":0,"gpiob":0,"gpioc":32768,"gpiod":6168,"gpioe":0,"modeltime":0,"type":"gpio"}
,[25.4.2022 | 1:24:57] {"client-id":"2f8ad619-e553-4dfd-ba0a-848770650685","gpioa":0,"gpiob":0,"gpioc":32768,"gpiod":6168,"gpioe":0,"modeltime":0,"type":"gpio"}
,[25.4.2022 | 1:24:58] {"client-id":"2f8ad619-e553-4dfd-ba0a-848770650685","gpioa":0,"gpiob":0,"gpioc":32768,"gpiod":6168,"gpioe":0,"modeltime":0,"type":"gpio"}
,[25.4.2022 | 1:24:58] {"client-id":"2f8ad619-e553-4dfd-ba0a-848770650685","gpioa":0,"gpiob":0,"gpioc":32768,"gpiod":6168,"gpioe":0,"modeltime":0,"type":"gpio"}
,[25.4.2022 | 1:24:58] {"client-id":"2f8ad619-e553-4dfd-ba0a-848770650685","gpioa":0,"gpiob":0,"gpioc":32768,"gpiod":6168,"gpioe":0,"modeltime":0,"type":"gpio"}
,[25.4.2022 | 1:24:58] {"client-id":"2f8ad619-e553-4dfd-ba0a-848770650685","gpioa":0,"gpiob":0,"gpioc":32768,"gpiod":6168,"gpioe":0,"modeltime":0,"type":"gpio"}
,[25.4.2022 | 1:24:58] {"client-id":"2f8ad619-e553-4dfd-ba0a-848770650685","gpioa":0,"gpiob":0,"gpioc":32768,"gpiod":6712,"gpioe":0,"modeltime":0,"type":"gpio"}
,[25.4.2022 | 1:24:58] {"client-id":"2f8ad619-e553-4dfd-ba0a-848770650685","gpioa":0,"gpiob":0,"gpioc":32768,"gpiod":6712,"gpioe":0,"modeltime":0,"type":"gpio"}
,[25.4.2022 | 1:24:58] {"client-id":"2f8ad619-e553-4dfd-ba0a-848770650685","gpioa":0,"gpiob":0,"gpioc":32768,"gpiod":6712,"gpioe":0,"modeltime":0,"type":"gpio"}
,[25.4.2022 | 1:24:58] {"client-id":"2f8ad619-e553-4dfd-ba0a-848770650685","gpioa":0,"gpiob":0,"gpioc":32768,"gpiod":6712,"gpioe":0,"modeltime":0,"type":"gpio"}
,[25.4.2022 | 1:24:58] {"client-id":"2f8ad619-e553-4dfd-ba0a-848770650685","gpioa":0,"gpiob":0,"gpioc":32768,"gpiod":6712,"gpioe":0,"modeltime":0,"type":"gpio"}
,[25.4.2022 | 1:24:58] {"client-id":"2f8ad619-e553-4dfd-ba0a-848770650685","gpioa":0,"gpiob":0,"gpioc":32768,"gpiod":6712,"gpioe":0,"modeltime":0,"type":"gpio"}
,[25.4.2022 | 1:24:59] {"client-id":"2f8ad619-e553-4dfd-ba0a-848770650685","gpioa":0,"gpiob":0,"gpioc":32768,"gpiod":6712,"gpioe":0,"modeltime":0,"type":"gpio"}
,[25.4.2022 | 1:24:59] {"client-id":"2f8ad619-e553-4dfd-ba0a-848770650685","gpioa":0,"gpiob":0,"gpioc":32768,"gpiod":6712,"gpioe":0,"modeltime":0,"type":"gpio"}
,[25.4.2022 | 1:24:59] {"client-id":"2f8ad619-e553-4dfd-ba0a-848770650685","gpioa":0,"gpiob":0,"gpioc":32768,"gpiod":6712,"gpioe":0,"modeltime":0,"type":"gpio"}
,[25.4.2022 | 1:24:59] {"client-id":"2f8ad619-e553-4dfd-ba0a-848770650685","gpioa":0,"gpiob":0,"gpioc":32768,"gpiod":6712,"gpioe":0,"modeltime":0,"type":"gpio"}
,[25.4.2022 | 1:24:59] {"client-id":"2f8ad619-e553-4dfd-ba0a-848770650685","gpioa":0,"gpiob":0,"gpioc":32768,"gpiod":7032,"gpioe":0,"modeltime":0,"type":"gpio"}
,[25.4.2022 | 1:24:59] {"client-id":"2f8ad619-e553-4dfd-ba0a-848770650685","gpioa":0,"gpiob":0,"gpioc":32768,"gpiod":7032,"gpioe":0,"modeltime":0,"type":"gpio"}
,[25.4.2022 | 1:24:59] {"client-id":"2f8ad619-e553-4dfd-ba0a-848770650685","gpioa":0,"gpiob":0,"gpioc":32768,"gpiod":7032,"gpioe":0,"modeltime":0,"type":"gpio"}
,[25.4.2022 | 1:24:59] {"client-id":"2f8ad619-e553-4dfd-ba0a-848770650685","gpioa":0,"gpiob":0,"gpioc":32768,"gpiod":7032,"gpioe":0,"modeltime":0,"type":"gpio"}
,[25.4.2022 | 1:24:59] {"client-id":"2f8ad619-e553-4dfd-ba0a-848770650685","gpioa":0,"gpiob":0,"gpioc":32768,"gpiod":7032,"gpioe":0,"modeltime":0,"type":"gpio"}
,[25.4.2022 | 1:24:59] {"client-id":"2f8ad619-e553-4dfd-ba0a-848770650685","gpioa":0,"gpiob":0,"gpioc":32768,"gpiod":7032,"gpioe":0,"modeltime":0,"type":"gpio"}
,[25.4.2022 | 1:25:0] {"client-id":"2f8ad619-e553-4dfd-ba0a-848770650685","gpioa":0,"gpiob":0,"gpioc":32768,"gpiod":7032,"gpioe":0,"modeltime":0,"type":"gpio"}
,[25.4.2022 | 1:25:0] {"client-id":"2f8ad619-e553-4dfd-ba0a-848770650685","gpioa":0,"gpiob":0,"gpioc":32768,"gpiod":7032,"gpioe":0,"modeltime":0,"type":"gpio"}
,[25.4.2022 | 1:25:0] {"client-id":"2f8ad619-e553-4dfd-ba0a-848770650685","gpioa":0,"gpiob":0,"gpioc":32768,"gpiod":7032,"gpioe":0,"modeltime":0,"type":"gpio"}
,[25.4.2022 | 1:25:0] {"client-id":"2f8ad619-e553-4dfd-ba0a-848770650685","gpioa":0,"gpiob":0,"gpioc":32768,"gpiod":7032,"gpioe":0,"modeltime":0,"type":"gpio"}
,[25.4.2022 | 1:25:0] {"client-id":"2f8ad619-e553-4dfd-ba0a-848770650685","gpioa":0,"gpiob":0,"gpioc":32768,"gpiod":7032,"gpioe":0,"modeltime":0,"type":"gpio"}
,[25.4.2022 | 1:25:0] {"client-id":"2f8ad619-e553-4dfd-ba0a-848770650685","gpioa":0,"gpiob":0,"gpioc":32768,"gpiod":7032,"gpioe":0,"modeltime":0,"type":"gpio"}
,[25.4.2022 | 1:25:0] {"client-id":"2f8ad619-e553-4dfd-ba0a-848770650685","gpioa":0,"gpiob":0,"gpioc":32768,"gpiod":7032,"gpioe":0,"modeltime":0,"type":"gpio"}
,[25.4.2022 | 1:25:0] {"client-id":"2f8ad619-e553-4dfd-ba0a-848770650685","gpioa":0,"gpiob":0,"gpioc":32768,"gpiod":7032,"gpioe":0,"modeltime":0,"type":"gpio"}
,[25.4.2022 | 1:25:0] {"client-id":"2f8ad619-e553-4dfd-ba0a-848770650685","gpioa":0,"gpiob":0,"gpioc":32768,"gpiod":7032,"gpioe":0,"modeltime":0,"type":"gpio"}
,[25.4.2022 | 1:25:1] {"client-id":"2f8ad619-e553-4dfd-ba0a-848770650685","gpioa":0,"gpiob":0,"gpioc":32768,"gpiod":6712,"gpioe":4096,"modeltime":0,"type":"gpio"}
,[25.4.2022 | 1:25:1] {"client-id":"2f8ad619-e553-4dfd-ba0a-848770650685","gpioa":0,"gpiob":0,"gpioc":32768,"gpiod":6712,"gpioe":4096,"modeltime":0,"type":"gpio"}
,[25.4.2022 | 1:25:1] {"client-id":"2f8ad619-e553-4dfd-ba0a-848770650685","gpioa":0,"gpiob":0,"gpioc":32768,"gpiod":6712,"gpioe":4096,"modeltime":0,"type":"gpio"}
,[25.4.2022 | 1:25:1] {"client-id":"2f8ad619-e553-4dfd-ba0a-848770650685","gpioa":0,"gpiob":0,"gpioc":32768,"gpiod":6712,"gpioe":4096,"modeltime":0,"type":"gpio"}
,[25.4.2022 | 1:25:1] {"client-id":"2f8ad619-e553-4dfd-ba0a-848770650685","gpioa":0,"gpiob":0,"gpioc":32768,"gpiod":6712,"gpioe":4096,"modeltime":0,"type":"gpio"}
,[25.4.2022 | 1:25:1] {"client-id":"2f8ad619-e553-4dfd-ba0a-848770650685","gpioa":0,"gpiob":0,"gpioc":32768,"gpiod":6712,"gpioe":4096,"modeltime":0,"type":"gpio"}
,[25.4.2022 | 1:25:1] {"client-id":"2f8ad619-e553-4dfd-ba0a-848770650685","gpioa":0,"gpiob":0,"gpioc":32768,"gpiod":6712,"gpioe":4096,"modeltime":0,"type":"gpio"}
,[25.4.2022 | 1:25:1] {"client-id":"2f8ad619-e553-4dfd-ba0a-848770650685","gpioa":0,"gpiob":0,"gpioc":32768,"gpiod":6712,"gpioe":4096,"modeltime":0,"type":"gpio"}
,[25.4.2022 | 1:25:1] {"client-id":"2f8ad619-e553-4dfd-ba0a-848770650685","gpioa":0,"gpiob":0,"gpioc":32768,"gpiod":6712,"gpioe":4096,"modeltime":0,"type":"gpio"}
,[25.4.2022 | 1:25:1] {"client-id":"2f8ad619-e553-4dfd-ba0a-848770650685","gpioa":0,"gpiob":0,"gpioc":32768,"gpiod":6712,"gpioe":4096,"modeltime":0,"type":"gpio"}
,[25.4.2022 | 1:25:1] {"client-id":"2f8ad619-e553-4dfd-ba0a-848770650685","gpioa":0,"gpiob":0,"gpioc":32768,"gpiod":6168,"gpioe":4096,"modeltime":0,"type":"gpio"}
,[25.4.2022 | 1:25:2] {"client-id":"2f8ad619-e553-4dfd-ba0a-848770650685","gpioa":0,"gpiob":0,"gpioc":32768,"gpiod":6168,"gpioe":4096,"modeltime":0,"type":"gpio"}
,[25.4.2022 | 1:25:2] {"client-id":"2f8ad619-e553-4dfd-ba0a-848770650685","gpioa":0,"gpiob":0,"gpioc":32768,"gpiod":6168,"gpioe":4096,"modeltime":0,"type":"gpio"}
,[25.4.2022 | 1:25:2] {"client-id":"2f8ad619-e553-4dfd-ba0a-848770650685","gpioa":0,"gpiob":0,"gpioc":32768,"gpiod":6168,"gpioe":4096,"modeltime":0,"type":"gpio"}
,[25.4.2022 | 1:25:2] {"client-id":"2f8ad619-e553-4dfd-ba0a-848770650685","gpioa":0,"gpiob":0,"gpioc":32768,"gpiod":6168,"gpioe":4096,"modeltime":0,"type":"gpio"}
,[25.4.2022 | 1:25:2] {"client-id":"2f8ad619-e553-4dfd-ba0a-848770650685","gpioa":0,"gpiob":0,"gpioc":32768,"gpiod":6168,"gpioe":4096,"modeltime":0,"type":"gpio"}
,[25.4.2022 | 1:25:2] {"client-id":"2f8ad619-e553-4dfd-ba0a-848770650685","gpioa":0,"gpiob":0,"gpioc":32768,"gpiod":6168,"gpioe":4096,"modeltime":0,"type":"gpio"}
,[25.4.2022 | 1:25:2] {"client-id":"2f8ad619-e553-4dfd-ba0a-848770650685","gpioa":0,"gpiob":0,"gpioc":32768,"gpiod":6168,"gpioe":4096,"modeltime":0,"type":"gpio"}
,[25.4.2022 | 1:25:2] {"client-id":"2f8ad619-e553-4dfd-ba0a-848770650685","gpioa":0,"gpiob":0,"gpioc":32768,"gpiod":6168,"gpioe":4096,"modeltime":0,"type":"gpio"}
,[25.4.2022 | 1:25:2] {"client-id":"2f8ad619-e553-4dfd-ba0a-848770650685","gpioa":0,"gpiob":0,"gpioc":32768,"gpiod":6168,"gpioe":4096,"modeltime":0,"type":"gpio"}
,[25.4.2022 | 1:25:2] {"client-id":"2f8ad619-e553-4dfd-ba0a-848770650685","gpioa":0,"gpiob":0,"gpioc":32768,"gpiod":4104,"gpioe":4096,"modeltime":0,"type":"gpio"}
,[25.4.2022 | 1:25:3] {"client-id":"2f8ad619-e553-4dfd-ba0a-848770650685","gpioa":0,"gpiob":0,"gpioc":32768,"gpiod":4104,"gpioe":4096,"modeltime":0,"type":"gpio"}
,[25.4.2022 | 1:25:3] {"client-id":"2f8ad619-e553-4dfd-ba0a-848770650685","gpioa":0,"gpiob":0,"gpioc":32768,"gpiod":4104,"gpioe":4096,"modeltime":0,"type":"gpio"}
,[25.4.2022 | 1:25:3] {"client-id":"2f8ad619-e553-4dfd-ba0a-848770650685","gpioa":0,"gpiob":0,"gpioc":32768,"gpiod":4104,"gpioe":4096,"modeltime":0,"type":"gpio"}
,[25.4.2022 | 1:25:3] {"client-id":"2f8ad619-e553-4dfd-ba0a-848770650685","gpioa":0,"gpiob":0,"gpioc":32768,"gpiod":4104,"gpioe":4096,"modeltime":0,"type":"gpio"}
,[25.4.2022 | 1:25:3] {"client-id":"2f8ad619-e553-4dfd-ba0a-848770650685","gpioa":0,"gpiob":0,"gpioc":32768,"gpiod":4104,"gpioe":4096,"modeltime":0,"type":"gpio"}
,[25.4.2022 | 1:25:3] {"client-id":"2f8ad619-e553-4dfd-ba0a-848770650685","gpioa":0,"gpiob":0,"gpioc":32768,"gpiod":4104,"gpioe":4096,"modeltime":0,"type":"gpio"}
,[25.4.2022 | 1:25:3] {"client-id":"2f8ad619-e553-4dfd-ba0a-848770650685","gpioa":0,"gpiob":0,"gpioc":32768,"gpiod":4104,"gpioe":4096,"modeltime":0,"type":"gpio"}
,[25.4.2022 | 1:25:3] {"client-id":"2f8ad619-e553-4dfd-ba0a-848770650685","gpioa":0,"gpiob":0,"gpioc":32768,"gpiod":4104,"gpioe":4096,"modeltime":0,"type":"gpio"}
,[25.4.2022 | 1:25:3] {"client-id":"2f8ad619-e553-4dfd-ba0a-848770650685","gpioa":0,"gpiob":0,"gpioc":32768,"gpiod":4104,"gpioe":4096,"modeltime":0,"type":"gpio"}
,[25.4.2022 | 1:25:3] {"client-id":"2f8ad619-e553-4dfd-ba0a-848770650685","gpioa":0,"gpiob":0,"gpioc":32768,"gpiod":0,"gpioe":4096,"modeltime":0,"type":"gpio"}
,[25.4.2022 | 1:25:4] {"client-id":"2f8ad619-e553-4dfd-ba0a-848770650685","gpioa":0,"gpiob":0,"gpioc":32768,"gpiod":0,"gpioe":4096,"modeltime":0,"type":"gpio"}
,[25.4.2022 | 1:25:4] {"client-id":"2f8ad619-e553-4dfd-ba0a-848770650685","gpioa":0,"gpiob":0,"gpioc":32768,"gpiod":0,"gpioe":4096,"modeltime":0,"type":"gpio"}
,[25.4.2022 | 1:25:4] {"client-id":"2f8ad619-e553-4dfd-ba0a-848770650685","gpioa":0,"gpiob":0,"gpioc":32768,"gpiod":0,"gpioe":4096,"modeltime":0,"type":"gpio"}
,[25.4.2022 | 1:25:4] {"client-id":"2f8ad619-e553-4dfd-ba0a-848770650685","gpioa":0,"gpiob":0,"gpioc":32768,"gpiod":0,"gpioe":4096,"modeltime":0,"type":"gpio"}
,[25.4.2022 | 1:25:4] {"client-id":"2f8ad619-e553-4dfd-ba0a-848770650685","gpioa":0,"gpiob":0,"gpioc":32768,"gpiod":0,"gpioe":4096,"modeltime":0,"type":"gpio"}
,[25.4.2022 | 1:25:4] {"client-id":"2f8ad619-e553-4dfd-ba0a-848770650685","gpioa":0,"gpiob":0,"gpioc":32768,"gpiod":0,"gpioe":4096,"modeltime":0,"type":"gpio"}
,[25.4.2022 | 1:25:4] {"client-id":"2f8ad619-e553-4dfd-ba0a-848770650685","gpioa":0,"gpiob":0,"gpioc":32768,"gpiod":0,"gpioe":4096,"modeltime":0,"type":"gpio"}
,[25.4.2022 | 1:25:4] {"client-id":"2f8ad619-e553-4dfd-ba0a-848770650685","gpioa":0,"gpiob":0,"gpioc":32768,"gpiod":0,"gpioe":4096,"modeltime":0,"type":"gpio"}
,[25.4.2022 | 1:25:4] {"client-id":"2f8ad619-e553-4dfd-ba0a-848770650685","gpioa":0,"gpiob":0,"gpioc":32768,"gpiod":0,"gpioe":4096,"modeltime":0,"type":"gpio"}
,[25.4.2022 | 1:25:5] {"client-id":"2f8ad619-e553-4dfd-ba0a-848770650685","gpioa":0,"gpiob":0,"gpioc":32768,"gpiod":0,"gpioe":4096,"modeltime":0,"type":"gpio"}
,[25.4.2022 | 1:25:5] {"client-id":"2f8ad619-e553-4dfd-ba0a-848770650685","gpioa":0,"gpiob":0,"gpioc":32768,"gpiod":0,"gpioe":4096,"modeltime":0,"type":"gpio"}
,[25.4.2022 | 1:25:5] {"client-id":"2f8ad619-e553-4dfd-ba0a-848770650685","gpioa":0,"gpiob":0,"gpioc":32768,"gpiod":0,"gpioe":4096,"modeltime":0,"type":"gpio"}
,[25.4.2022 | 1:25:5] {"client-id":"2f8ad619-e553-4dfd-ba0a-848770650685","gpioa":0,"gpiob":0,"gpioc":32768,"gpiod":0,"gpioe":4096,"modeltime":0,"type":"gpio"}
,[25.4.2022 | 1:25:5] {"client-id":"2f8ad619-e553-4dfd-ba0a-848770650685","gpioa":0,"gpiob":0,"gpioc":32768,"gpiod":0,"gpioe":4096,"modeltime":0,"type":"gpio"}
,[25.4.2022 | 1:25:5] {"client-id":"2f8ad619-e553-4dfd-ba0a-848770650685","gpioa":0,"gpiob":0,"gpioc":32768,"gpiod":0,"gpioe":4096,"modeltime":0,"type":"gpio"}
,[25.4.2022 | 1:25:5] {"client-id":"2f8ad619-e553-4dfd-ba0a-848770650685","gpioa":0,"gpiob":0,"gpioc":32768,"gpiod":0,"gpioe":4096,"modeltime":0,"type":"gpio"}
,[25.4.2022 | 1:25:5] {"client-id":"2f8ad619-e553-4dfd-ba0a-848770650685","gpioa":0,"gpiob":0,"gpioc":32768,"gpiod":0,"gpioe":4096,"modeltime":0,"type":"gpio"}
,[25.4.2022 | 1:25:5] {"client-id":"2f8ad619-e553-4dfd-ba0a-848770650685","gpioa":0,"gpiob":0,"gpioc":32768,"gpiod":0,"gpioe":4096,"modeltime":0,"type":"gpio"}
,[25.4.2022 | 1:25:5] {"client-id":"2f8ad619-e553-4dfd-ba0a-848770650685","gpioa":0,"gpiob":0,"gpioc":32768,"gpiod":0,"gpioe":4096,"modeltime":0,"type":"gpio"}
,[25.4.2022 | 1:25:5] {"client-id":"2f8ad619-e553-4dfd-ba0a-848770650685","gpioa":0,"gpiob":0,"gpioc":32768,"gpiod":4104,"gpioe":4096,"modeltime":0,"type":"gpio"}
,[25.4.2022 | 1:25:6] {"client-id":"2f8ad619-e553-4dfd-ba0a-848770650685","gpioa":0,"gpiob":0,"gpioc":32768,"gpiod":4104,"gpioe":4096,"modeltime":0,"type":"gpio"}
,[25.4.2022 | 1:25:6] {"client-id":"2f8ad619-e553-4dfd-ba0a-848770650685","gpioa":0,"gpiob":0,"gpioc":32768,"gpiod":4104,"gpioe":4096,"modeltime":0,"type":"gpio"}
,[25.4.2022 | 1:25:6] {"client-id":"2f8ad619-e553-4dfd-ba0a-848770650685","gpioa":0,"gpiob":0,"gpioc":32768,"gpiod":4104,"gpioe":4096,"modeltime":0,"type":"gpio"}
,[25.4.2022 | 1:25:6] {"client-id":"2f8ad619-e553-4dfd-ba0a-848770650685","gpioa":0,"gpiob":0,"gpioc":32768,"gpiod":4104,"gpioe":4096,"modeltime":0,"type":"gpio"}
,[25.4.2022 | 1:25:6] {"client-id":"2f8ad619-e553-4dfd-ba0a-848770650685","gpioa":0,"gpiob":0,"gpioc":32768,"gpiod":4104,"gpioe":4096,"modeltime":0,"type":"gpio"}
,[25.4.2022 | 1:25:6] {"client-id":"2f8ad619-e553-4dfd-ba0a-848770650685","gpioa":0,"gpiob":0,"gpioc":32768,"gpiod":4104,"gpioe":4096,"modeltime":0,"type":"gpio"}
,[25.4.2022 | 1:25:6] {"client-id":"2f8ad619-e553-4dfd-ba0a-848770650685","gpioa":0,"gpiob":0,"gpioc":32768,"gpiod":4104,"gpioe":4096,"modeltime":0,"type":"gpio"}
,[25.4.2022 | 1:25:6] {"client-id":"2f8ad619-e553-4dfd-ba0a-848770650685","gpioa":0,"gpiob":0,"gpioc":32768,"gpiod":4104,"gpioe":4096,"modeltime":0,"type":"gpio"}
,[25.4.2022 | 1:25:6] {"client-id":"2f8ad619-e553-4dfd-ba0a-848770650685","gpioa":0,"gpiob":0,"gpioc":32768,"gpiod":4104,"gpioe":4096,"modeltime":0,"type":"gpio"}
,[25.4.2022 | 1:25:6] {"client-id":"2f8ad619-e553-4dfd-ba0a-848770650685","gpioa":0,"gpiob":0,"gpioc":32768,"gpiod":6168,"gpioe":4096,"modeltime":0,"type":"gpio"}
,[25.4.2022 | 1:25:7] {"client-id":"2f8ad619-e553-4dfd-ba0a-848770650685","gpioa":0,"gpiob":0,"gpioc":32768,"gpiod":6168,"gpioe":4096,"modeltime":0,"type":"gpio"}
,[25.4.2022 | 1:25:7] {"client-id":"2f8ad619-e553-4dfd-ba0a-848770650685","gpioa":0,"gpiob":0,"gpioc":32768,"gpiod":6168,"gpioe":4096,"modeltime":0,"type":"gpio"}
,[25.4.2022 | 1:25:7] {"client-id":"2f8ad619-e553-4dfd-ba0a-848770650685","gpioa":0,"gpiob":0,"gpioc":32768,"gpiod":6168,"gpioe":4096,"modeltime":0,"type":"gpio"}
,[25.4.2022 | 1:25:7] {"client-id":"2f8ad619-e553-4dfd-ba0a-848770650685","gpioa":0,"gpiob":0,"gpioc":32768,"gpiod":6168,"gpioe":4096,"modeltime":0,"type":"gpio"}
,[25.4.2022 | 1:25:7] {"client-id":"2f8ad619-e553-4dfd-ba0a-848770650685","gpioa":0,"gpiob":0,"gpioc":32768,"gpiod":6168,"gpioe":4096,"modeltime":0,"type":"gpio"}
,[25.4.2022 | 1:25:7] {"client-id":"2f8ad619-e553-4dfd-ba0a-848770650685","gpioa":0,"gpiob":0,"gpioc":32768,"gpiod":6168,"gpioe":4096,"modeltime":0,"type":"gpio"}
,[25.4.2022 | 1:25:7] {"client-id":"2f8ad619-e553-4dfd-ba0a-848770650685","gpioa":0,"gpiob":0,"gpioc":32768,"gpiod":6168,"gpioe":4096,"modeltime":0,"type":"gpio"}
,[25.4.2022 | 1:25:7] {"client-id":"2f8ad619-e553-4dfd-ba0a-848770650685","gpioa":0,"gpiob":0,"gpioc":32768,"gpiod":6168,"gpioe":4096,"modeltime":0,"type":"gpio"}
,[25.4.2022 | 1:25:7] {"client-id":"2f8ad619-e553-4dfd-ba0a-848770650685","gpioa":0,"gpiob":0,"gpioc":32768,"gpiod":6168,"gpioe":4096,"modeltime":0,"type":"gpio"}
,[25.4.2022 | 1:25:7] {"client-id":"2f8ad619-e553-4dfd-ba0a-848770650685","gpioa":0,"gpiob":0,"gpioc":32768,"gpiod":6712,"gpioe":4096,"modeltime":0,"type":"gpio"}
,[25.4.2022 | 1:25:8] {"client-id":"2f8ad619-e553-4dfd-ba0a-848770650685","gpioa":0,"gpiob":0,"gpioc":32768,"gpiod":6712,"gpioe":4096,"modeltime":0,"type":"gpio"}
,[25.4.2022 | 1:25:8] {"client-id":"2f8ad619-e553-4dfd-ba0a-848770650685","gpioa":0,"gpiob":0,"gpioc":32768,"gpiod":6712,"gpioe":4096,"modeltime":0,"type":"gpio"}
,[25.4.2022 | 1:25:8] {"client-id":"2f8ad619-e553-4dfd-ba0a-848770650685","gpioa":0,"gpiob":0,"gpioc":32768,"gpiod":6712,"gpioe":4096,"modeltime":0,"type":"gpio"}
,[25.4.2022 | 1:25:8] {"client-id":"2f8ad619-e553-4dfd-ba0a-848770650685","gpioa":0,"gpiob":0,"gpioc":32768,"gpiod":6712,"gpioe":4096,"modeltime":0,"type":"gpio"}
,[25.4.2022 | 1:25:8] {"client-id":"2f8ad619-e553-4dfd-ba0a-848770650685","gpioa":0,"gpiob":0,"gpioc":32768,"gpiod":6712,"gpioe":4096,"modeltime":0,"type":"gpio"}
,[25.4.2022 | 1:25:8] {"client-id":"2f8ad619-e553-4dfd-ba0a-848770650685","gpioa":0,"gpiob":0,"gpioc":32768,"gpiod":6712,"gpioe":4096,"modeltime":0,"type":"gpio"}
,[25.4.2022 | 1:25:8] {"client-id":"2f8ad619-e553-4dfd-ba0a-848770650685","gpioa":0,"gpiob":0,"gpioc":32768,"gpiod":6712,"gpioe":4096,"modeltime":0,"type":"gpio"}
,[25.4.2022 | 1:25:8] {"client-id":"2f8ad619-e553-4dfd-ba0a-848770650685","gpioa":0,"gpiob":0,"gpioc":32768,"gpiod":6712,"gpioe":4096,"modeltime":0,"type":"gpio"}
,[25.4.2022 | 1:25:8] {"client-id":"2f8ad619-e553-4dfd-ba0a-848770650685","gpioa":0,"gpiob":0,"gpioc":32768,"gpiod":6712,"gpioe":4096,"modeltime":0,"type":"gpio"}
,[25.4.2022 | 1:25:8] {"client-id":"2f8ad619-e553-4dfd-ba0a-848770650685","gpioa":0,"gpiob":0,"gpioc":32768,"gpiod":6712,"gpioe":4096,"modeltime":0,"type":"gpio"}
,[25.4.2022 | 1:25:9] {"client-id":"2f8ad619-e553-4dfd-ba0a-848770650685","gpioa":0,"gpiob":0,"gpioc":32768,"gpiod":6712,"gpioe":4096,"modeltime":0,"type":"gpio"}
,[25.4.2022 | 1:25:9] {"client-id":"2f8ad619-e553-4dfd-ba0a-848770650685","gpioa":0,"gpiob":0,"gpioc":32768,"gpiod":6712,"gpioe":4096,"modeltime":0,"type":"gpio"}
,[25.4.2022 | 1:25:9] {"client-id":"2f8ad619-e553-4dfd-ba0a-848770650685","gpioa":0,"gpiob":0,"gpioc":32768,"gpiod":6712,"gpioe":4096,"modeltime":0,"type":"gpio"}
,[25.4.2022 | 1:25:9] {"client-id":"2f8ad619-e553-4dfd-ba0a-848770650685","gpioa":0,"gpiob":0,"gpioc":32768,"gpiod":6712,"gpioe":4096,"modeltime":0,"type":"gpio"}
,[25.4.2022 | 1:25:9] {"client-id":"2f8ad619-e553-4dfd-ba0a-848770650685","gpioa":0,"gpiob":0,"gpioc":32768,"gpiod":7032,"gpioe":4096,"modeltime":0,"type":"gpio"}
,[25.4.2022 | 1:25:9] {"client-id":"2f8ad619-e553-4dfd-ba0a-848770650685","gpioa":0,"gpiob":0,"gpioc":32768,"gpiod":7032,"gpioe":4096,"modeltime":0,"type":"gpio"}
,[25.4.2022 | 1:25:9] {"client-id":"2f8ad619-e553-4dfd-ba0a-848770650685","gpioa":0,"gpiob":0,"gpioc":32768,"gpiod":7032,"gpioe":4096,"modeltime":0,"type":"gpio"}
,[25.4.2022 | 1:25:9] {"client-id":"2f8ad619-e553-4dfd-ba0a-848770650685","gpioa":0,"gpiob":0,"gpioc":32768,"gpiod":7032,"gpioe":4096,"modeltime":0,"type":"gpio"}
,[25.4.2022 | 1:25:9] {"client-id":"2f8ad619-e553-4dfd-ba0a-848770650685","gpioa":0,"gpiob":0,"gpioc":32768,"gpiod":7032,"gpioe":4096,"modeltime":0,"type":"gpio"}
,[25.4.2022 | 1:25:9] {"client-id":"2f8ad619-e553-4dfd-ba0a-848770650685","gpioa":0,"gpiob":0,"gpioc":32768,"gpiod":7032,"gpioe":4096,"modeltime":0,"type":"gpio"}
,[25.4.2022 | 1:25:10] {"client-id":"2f8ad619-e553-4dfd-ba0a-848770650685","gpioa":0,"gpiob":0,"gpioc":32768,"gpiod":7032,"gpioe":4096,"modeltime":0,"type":"gpio"}
,[25.4.2022 | 1:25:10] {"client-id":"2f8ad619-e553-4dfd-ba0a-848770650685","gpioa":0,"gpiob":0,"gpioc":32768,"gpiod":7032,"gpioe":4096,"modeltime":0,"type":"gpio"}
,[25.4.2022 | 1:25:10] {"client-id":"2f8ad619-e553-4dfd-ba0a-848770650685","gpioa":0,"gpiob":0,"gpioc":32768,"gpiod":7032,"gpioe":4096,"modeltime":0,"type":"gpio"}
,[25.4.2022 | 1:25:10] {"client-id":"2f8ad619-e553-4dfd-ba0a-848770650685","gpioa":0,"gpiob":0,"gpioc":32768,"gpiod":7032,"gpioe":4096,"modeltime":0,"type":"gpio"}
,[25.4.2022 | 1:25:10] {"client-id":"2f8ad619-e553-4dfd-ba0a-848770650685","gpioa":0,"gpiob":0,"gpioc":32768,"gpiod":7032,"gpioe":4096,"modeltime":0,"type":"gpio"}
,[25.4.2022 | 1:25:10] {"client-id":"2f8ad619-e553-4dfd-ba0a-848770650685","gpioa":0,"gpiob":0,"gpioc":32768,"gpiod":7032,"gpioe":4096,"modeltime":0,"type":"gpio"}
,[25.4.2022 | 1:25:10] {"client-id":"2f8ad619-e553-4dfd-ba0a-848770650685","gpioa":0,"gpiob":0,"gpioc":32768,"gpiod":7032,"gpioe":4096,"modeltime":0,"type":"gpio"}
,[25.4.2022 | 1:25:10] {"client-id":"2f8ad619-e553-4dfd-ba0a-848770650685","gpioa":0,"gpiob":0,"gpioc":32768,"gpiod":7032,"gpioe":4096,"modeltime":0,"type":"gpio"}
,[25.4.2022 | 1:25:10] {"client-id":"2f8ad619-e553-4dfd-ba0a-848770650685","gpioa":0,"gpiob":0,"gpioc":32768,"gpiod":7032,"gpioe":4096,"modeltime":0,"type":"gpio"}
,[25.4.2022 | 1:25:10] {"client-id":"2f8ad619-e553-4dfd-ba0a-848770650685","gpioa":0,"gpiob":0,"gpioc":32768,"gpiod":6712,"gpioe":4096,"modeltime":0,"type":"gpio"}
,[25.4.2022 | 1:25:11] {"client-id":"2f8ad619-e553-4dfd-ba0a-848770650685","gpioa":0,"gpiob":0,"gpioc":32768,"gpiod":6712,"gpioe":4096,"modeltime":0,"type":"gpio"}
,[25.4.2022 | 1:25:11] {"client-id":"2f8ad619-e553-4dfd-ba0a-848770650685","gpioa":0,"gpiob":0,"gpioc":32768,"gpiod":6712,"gpioe":4096,"modeltime":0,"type":"gpio"}
,[25.4.2022 | 1:25:11] {"client-id":"2f8ad619-e553-4dfd-ba0a-848770650685","gpioa":0,"gpiob":0,"gpioc":32768,"gpiod":6712,"gpioe":4096,"modeltime":0,"type":"gpio"}
,[25.4.2022 | 1:25:11] {"client-id":"2f8ad619-e553-4dfd-ba0a-848770650685","gpioa":0,"gpiob":0,"gpioc":32768,"gpiod":6712,"gpioe":4096,"modeltime":0,"type":"gpio"}
,[25.4.2022 | 1:25:11] {"client-id":"2f8ad619-e553-4dfd-ba0a-848770650685","gpioa":0,"gpiob":0,"gpioc":32768,"gpiod":6712,"gpioe":4096,"modeltime":0,"type":"gpio"}
,[25.4.2022 | 1:25:11] {"client-id":"2f8ad619-e553-4dfd-ba0a-848770650685","gpioa":0,"gpiob":0,"gpioc":32768,"gpiod":6712,"gpioe":4096,"modeltime":0,"type":"gpio"}
,[25.4.2022 | 1:25:11] {"client-id":"2f8ad619-e553-4dfd-ba0a-848770650685","gpioa":0,"gpiob":0,"gpioc":32768,"gpiod":6712,"gpioe":4096,"modeltime":0,"type":"gpio"}
,[25.4.2022 | 1:25:11] {"client-id":"2f8ad619-e553-4dfd-ba0a-848770650685","gpioa":0,"gpiob":0,"gpioc":32768,"gpiod":6712,"gpioe":4096,"modeltime":0,"type":"gpio"}
,[25.4.2022 | 1:25:11] {"client-id":"2f8ad619-e553-4dfd-ba0a-848770650685","gpioa":0,"gpiob":0,"gpioc":32768,"gpiod":6712,"gpioe":4096,"modeltime":0,"type":"gpio"}
,[25.4.2022 | 1:25:11] {"client-id":"2f8ad619-e553-4dfd-ba0a-848770650685","gpioa":0,"gpiob":0,"gpioc":32768,"gpiod":6712,"gpioe":4096,"modeltime":0,"type":"gpio"}
,[25.4.2022 | 1:25:12] {"client-id":"2f8ad619-e553-4dfd-ba0a-848770650685","gpioa":0,"gpiob":0,"gpioc":32768,"gpiod":6712,"gpioe":4096,"modeltime":0,"type":"gpio"}
,[25.4.2022 | 1:25:12] {"client-id":"2f8ad619-e553-4dfd-ba0a-848770650685","gpioa":0,"gpiob":0,"gpioc":32768,"gpiod":6712,"gpioe":4096,"modeltime":0,"type":"gpio"}
,[25.4.2022 | 1:25:12] {"client-id":"2f8ad619-e553-4dfd-ba0a-848770650685","gpioa":0,"gpiob":0,"gpioc":32768,"gpiod":6712,"gpioe":4096,"modeltime":0,"type":"gpio"}
,[25.4.2022 | 1:25:12] {"client-id":"2f8ad619-e553-4dfd-ba0a-848770650685","gpioa":0,"gpiob":0,"gpioc":32768,"gpiod":6712,"gpioe":4096,"modeltime":0,"type":"gpio"}
,[25.4.2022 | 1:25:12] {"client-id":"2f8ad619-e553-4dfd-ba0a-848770650685","gpioa":0,"gpiob":0,"gpioc":32768,"gpiod":6168,"gpioe":4096,"modeltime":0,"type":"gpio"}
,[25.4.2022 | 1:25:12] {"client-id":"2f8ad619-e553-4dfd-ba0a-848770650685","gpioa":0,"gpiob":0,"gpioc":32768,"gpiod":6168,"gpioe":4096,"modeltime":0,"type":"gpio"}
,[25.4.2022 | 1:25:12] {"client-id":"2f8ad619-e553-4dfd-ba0a-848770650685","gpioa":0,"gpiob":0,"gpioc":32768,"gpiod":6168,"gpioe":4096,"modeltime":0,"type":"gpio"}
,[25.4.2022 | 1:25:12] {"client-id":"2f8ad619-e553-4dfd-ba0a-848770650685","gpioa":0,"gpiob":0,"gpioc":32768,"gpiod":6168,"gpioe":4096,"modeltime":0,"type":"gpio"}
,[25.4.2022 | 1:25:12] {"client-id":"2f8ad619-e553-4dfd-ba0a-848770650685","gpioa":0,"gpiob":0,"gpioc":32768,"gpiod":6168,"gpioe":4096,"modeltime":0,"type":"gpio"}
,[25.4.2022 | 1:25:12] {"client-id":"2f8ad619-e553-4dfd-ba0a-848770650685","gpioa":0,"gpiob":0,"gpioc":32768,"gpiod":6168,"gpioe":4096,"modeltime":0,"type":"gpio"}
,[25.4.2022 | 1:25:13] {"client-id":"2f8ad619-e553-4dfd-ba0a-848770650685","gpioa":0,"gpiob":0,"gpioc":32768,"gpiod":6168,"gpioe":4096,"modeltime":0,"type":"gpio"}
,[25.4.2022 | 1:25:13] {"client-id":"2f8ad619-e553-4dfd-ba0a-848770650685","gpioa":0,"gpiob":0,"gpioc":32768,"gpiod":6168,"gpioe":5120,"modeltime":0,"type":"gpio"}
,[25.4.2022 | 1:25:13] {"client-id":"2f8ad619-e553-4dfd-ba0a-848770650685","gpioa":0,"gpiob":0,"gpioc":32768,"gpiod":6168,"gpioe":5120,"modeltime":0,"type":"gpio"}
,[25.4.2022 | 1:25:13] {"client-id":"2f8ad619-e553-4dfd-ba0a-848770650685","gpioa":0,"gpiob":0,"gpioc":32768,"gpiod":6168,"gpioe":5120,"modeltime":0,"type":"gpio"}
,[25.4.2022 | 1:25:13] {"client-id":"2f8ad619-e553-4dfd-ba0a-848770650685","gpioa":0,"gpiob":0,"gpioc":32768,"gpiod":4104,"gpioe":5120,"modeltime":0,"type":"gpio"}
,[25.4.2022 | 1:25:13] {"client-id":"2f8ad619-e553-4dfd-ba0a-848770650685","gpioa":0,"gpiob":0,"gpioc":32768,"gpiod":4104,"gpioe":5120,"modeltime":0,"type":"gpio"}
,[25.4.2022 | 1:25:13] {"client-id":"2f8ad619-e553-4dfd-ba0a-848770650685","gpioa":0,"gpiob":0,"gpioc":32768,"gpiod":4104,"gpioe":5120,"modeltime":0,"type":"gpio"}
,[25.4.2022 | 1:25:13] {"client-id":"2f8ad619-e553-4dfd-ba0a-848770650685","gpioa":0,"gpiob":0,"gpioc":32768,"gpiod":4104,"gpioe":5120,"modeltime":0,"type":"gpio"}
,[25.4.2022 | 1:25:13] {"client-id":"2f8ad619-e553-4dfd-ba0a-848770650685","gpioa":0,"gpiob":0,"gpioc":32768,"gpiod":4104,"gpioe":5120,"modeltime":0,"type":"gpio"}
,[25.4.2022 | 1:25:13] {"client-id":"2f8ad619-e553-4dfd-ba0a-848770650685","gpioa":0,"gpiob":0,"gpioc":32768,"gpiod":4104,"gpioe":5120,"modeltime":0,"type":"gpio"}
,[25.4.2022 | 1:25:14] {"client-id":"2f8ad619-e553-4dfd-ba0a-848770650685","gpioa":0,"gpiob":0,"gpioc":32768,"gpiod":4104,"gpioe":5120,"modeltime":0,"type":"gpio"}
,[25.4.2022 | 1:25:14] {"client-id":"2f8ad619-e553-4dfd-ba0a-848770650685","gpioa":0,"gpiob":0,"gpioc":32768,"gpiod":4104,"gpioe":5120,"modeltime":0,"type":"gpio"}
,[25.4.2022 | 1:25:14] {"client-id":"2f8ad619-e553-4dfd-ba0a-848770650685","gpioa":0,"gpiob":0,"gpioc":32768,"gpiod":4104,"gpioe":5120,"modeltime":0,"type":"gpio"}
,[25.4.2022 | 1:25:14] {"client-id":"2f8ad619-e553-4dfd-ba0a-848770650685","gpioa":0,"gpiob":0,"gpioc":32768,"gpiod":4104,"gpioe":5120,"modeltime":0,"type":"gpio"}
,[25.4.2022 | 1:25:14] {"client-id":"2f8ad619-e553-4dfd-ba0a-848770650685","gpioa":0,"gpiob":0,"gpioc":32768,"gpiod":4104,"gpioe":5120,"modeltime":0,"type":"gpio"}
,[25.4.2022 | 1:25:14] {"client-id":"2f8ad619-e553-4dfd-ba0a-848770650685","gpioa":0,"gpiob":0,"gpioc":32768,"gpiod":4104,"gpioe":5120,"modeltime":0,"type":"gpio"}
,[25.4.2022 | 1:25:14] {"client-id":"2f8ad619-e553-4dfd-ba0a-848770650685","gpioa":0,"gpiob":0,"gpioc":32768,"gpiod":4104,"gpioe":5120,"modeltime":0,"type":"gpio"}
,[25.4.2022 | 1:25:14] {"client-id":"2f8ad619-e553-4dfd-ba0a-848770650685","gpioa":0,"gpiob":0,"gpioc":32768,"gpiod":4104,"gpioe":5120,"modeltime":0,"type":"gpio"}
,[25.4.2022 | 1:25:14] {"client-id":"2f8ad619-e553-4dfd-ba0a-848770650685","gpioa":0,"gpiob":0,"gpioc":32768,"gpiod":4104,"gpioe":5120,"modeltime":0,"type":"gpio"}
,[25.4.2022 | 1:25:14] {"client-id":"2f8ad619-e553-4dfd-ba0a-848770650685","gpioa":0,"gpiob":0,"gpioc":32768,"gpiod":0,"gpioe":5120,"modeltime":0,"type":"gpio"}
,[25.4.2022 | 1:25:15] {"client-id":"2f8ad619-e553-4dfd-ba0a-848770650685","gpioa":0,"gpiob":0,"gpioc":32768,"gpiod":0,"gpioe":5120,"modeltime":0,"type":"gpio"}
,[25.4.2022 | 1:25:15] {"client-id":"2f8ad619-e553-4dfd-ba0a-848770650685","gpioa":0,"gpiob":0,"gpioc":32768,"gpiod":0,"gpioe":5120,"modeltime":0,"type":"gpio"}
,[25.4.2022 | 1:25:15] {"client-id":"2f8ad619-e553-4dfd-ba0a-848770650685","gpioa":0,"gpiob":0,"gpioc":32768,"gpiod":0,"gpioe":5120,"modeltime":0,"type":"gpio"}
,[25.4.2022 | 1:25:15] {"client-id":"2f8ad619-e553-4dfd-ba0a-848770650685","gpioa":0,"gpiob":0,"gpioc":32768,"gpiod":0,"gpioe":5120,"modeltime":0,"type":"gpio"}
,[25.4.2022 | 1:25:15] {"client-id":"2f8ad619-e553-4dfd-ba0a-848770650685","gpioa":0,"gpiob":0,"gpioc":32768,"gpiod":0,"gpioe":5120,"modeltime":0,"type":"gpio"}
,[25.4.2022 | 1:25:15] {"client-id":"2f8ad619-e553-4dfd-ba0a-848770650685","gpioa":0,"gpiob":0,"gpioc":32768,"gpiod":0,"gpioe":5120,"modeltime":0,"type":"gpio"}
,[25.4.2022 | 1:25:15] {"client-id":"2f8ad619-e553-4dfd-ba0a-848770650685","gpioa":0,"gpiob":0,"gpioc":32768,"gpiod":0,"gpioe":5120,"modeltime":0,"type":"gpio"}
,[25.4.2022 | 1:25:15] {"client-id":"2f8ad619-e553-4dfd-ba0a-848770650685","gpioa":0,"gpiob":0,"gpioc":32768,"gpiod":0,"gpioe":5120,"modeltime":0,"type":"gpio"}
,[25.4.2022 | 1:25:15] {"client-id":"2f8ad619-e553-4dfd-ba0a-848770650685","gpioa":0,"gpiob":0,"gpioc":32768,"gpiod":0,"gpioe":5120,"modeltime":0,"type":"gpio"}
,[25.4.2022 | 1:25:15] {"client-id":"2f8ad619-e553-4dfd-ba0a-848770650685","gpioa":0,"gpiob":0,"gpioc":32768,"gpiod":0,"gpioe":5120,"modeltime":0,"type":"gpio"}
,[25.4.2022 | 1:25:16] {"client-id":"2f8ad619-e553-4dfd-ba0a-848770650685","gpioa":0,"gpiob":0,"gpioc":32768,"gpiod":0,"gpioe":5120,"modeltime":0,"type":"gpio"}
,[25.4.2022 | 1:25:16] {"client-id":"2f8ad619-e553-4dfd-ba0a-848770650685","gpioa":0,"gpiob":0,"gpioc":32768,"gpiod":0,"gpioe":5120,"modeltime":0,"type":"gpio"}
,[25.4.2022 | 1:25:16] {"client-id":"2f8ad619-e553-4dfd-ba0a-848770650685","gpioa":0,"gpiob":0,"gpioc":32768,"gpiod":0,"gpioe":5120,"modeltime":0,"type":"gpio"}
,[25.4.2022 | 1:25:16] {"client-id":"2f8ad619-e553-4dfd-ba0a-848770650685","gpioa":0,"gpiob":0,"gpioc":32768,"gpiod":0,"gpioe":5120,"modeltime":0,"type":"gpio"}
,[25.4.2022 | 1:25:16] {"client-id":"2f8ad619-e553-4dfd-ba0a-848770650685","gpioa":0,"gpiob":0,"gpioc":32768,"gpiod":0,"gpioe":5120,"modeltime":0,"type":"gpio"}
,[25.4.2022 | 1:25:16] {"client-id":"2f8ad619-e553-4dfd-ba0a-848770650685","gpioa":0,"gpiob":0,"gpioc":32768,"gpiod":0,"gpioe":5120,"modeltime":0,"type":"gpio"}
,[25.4.2022 | 1:25:16] {"client-id":"2f8ad619-e553-4dfd-ba0a-848770650685","gpioa":0,"gpiob":0,"gpioc":32768,"gpiod":0,"gpioe":5120,"modeltime":0,"type":"gpio"}
,[25.4.2022 | 1:25:16] {"client-id":"2f8ad619-e553-4dfd-ba0a-848770650685","gpioa":0,"gpiob":0,"gpioc":32768,"gpiod":0,"gpioe":5120,"modeltime":0,"type":"gpio"}
,[25.4.2022 | 1:25:16] {"client-id":"2f8ad619-e553-4dfd-ba0a-848770650685","gpioa":0,"gpiob":0,"gpioc":32768,"gpiod":0,"gpioe":5120,"modeltime":0,"type":"gpio"}
,[25.4.2022 | 1:25:16] {"client-id":"2f8ad619-e553-4dfd-ba0a-848770650685","gpioa":0,"gpiob":0,"gpioc":32768,"gpiod":4104,"gpioe":5120,"modeltime":0,"type":"gpio"}
,[25.4.2022 | 1:25:17] {"client-id":"2f8ad619-e553-4dfd-ba0a-848770650685","gpioa":0,"gpiob":0,"gpioc":32768,"gpiod":4104,"gpioe":5120,"modeltime":0,"type":"gpio"}
,[25.4.2022 | 1:25:17] {"client-id":"2f8ad619-e553-4dfd-ba0a-848770650685","gpioa":0,"gpiob":0,"gpioc":32768,"gpiod":4104,"gpioe":5120,"modeltime":0,"type":"gpio"}
,[25.4.2022 | 1:25:17] {"client-id":"2f8ad619-e553-4dfd-ba0a-848770650685","gpioa":0,"gpiob":0,"gpioc":32768,"gpiod":4104,"gpioe":5120,"modeltime":0,"type":"gpio"}
,[25.4.2022 | 1:25:17] {"client-id":"2f8ad619-e553-4dfd-ba0a-848770650685","gpioa":0,"gpiob":0,"gpioc":32768,"gpiod":4104,"gpioe":5120,"modeltime":0,"type":"gpio"}
,[25.4.2022 | 1:25:17] {"client-id":"2f8ad619-e553-4dfd-ba0a-848770650685","gpioa":0,"gpiob":0,"gpioc":32768,"gpiod":4104,"gpioe":5120,"modeltime":0,"type":"gpio"}
,[25.4.2022 | 1:25:17] {"client-id":"2f8ad619-e553-4dfd-ba0a-848770650685","gpioa":0,"gpiob":0,"gpioc":32768,"gpiod":4104,"gpioe":5120,"modeltime":0,"type":"gpio"}
,[25.4.2022 | 1:25:17] {"client-id":"2f8ad619-e553-4dfd-ba0a-848770650685","gpioa":0,"gpiob":0,"gpioc":32768,"gpiod":4104,"gpioe":5120,"modeltime":0,"type":"gpio"}
,[25.4.2022 | 1:25:17] {"client-id":"2f8ad619-e553-4dfd-ba0a-848770650685","gpioa":0,"gpiob":0,"gpioc":32768,"gpiod":4104,"gpioe":5120,"modeltime":0,"type":"gpio"}
,[25.4.2022 | 1:25:17] {"client-id":"2f8ad619-e553-4dfd-ba0a-848770650685","gpioa":0,"gpiob":0,"gpioc":32768,"gpiod":4104,"gpioe":5120,"modeltime":0,"type":"gpio"}
,[25.4.2022 | 1:25:17] {"client-id":"2f8ad619-e553-4dfd-ba0a-848770650685","gpioa":0,"gpiob":0,"gpioc":32768,"gpiod":4104,"gpioe":5120,"modeltime":0,"type":"gpio"}
,[25.4.2022 | 1:25:18] {"client-id":"2f8ad619-e553-4dfd-ba0a-848770650685","gpioa":0,"gpiob":0,"gpioc":32768,"gpiod":4104,"gpioe":5120,"modeltime":0,"type":"gpio"}
,[25.4.2022 | 1:25:18] {"client-id":"2f8ad619-e553-4dfd-ba0a-848770650685","gpioa":0,"gpiob":0,"gpioc":32768,"gpiod":4104,"gpioe":5120,"modeltime":0,"type":"gpio"}
,[25.4.2022 | 1:25:18] {"client-id":"2f8ad619-e553-4dfd-ba0a-848770650685","gpioa":0,"gpiob":0,"gpioc":32768,"gpiod":4104,"gpioe":5120,"modeltime":0,"type":"gpio"}
,[25.4.2022 | 1:25:18] {"client-id":"2f8ad619-e553-4dfd-ba0a-848770650685","gpioa":0,"gpiob":0,"gpioc":32768,"gpiod":4104,"gpioe":5120,"modeltime":0,"type":"gpio"}
,[25.4.2022 | 1:25:18] {"client-id":"2f8ad619-e553-4dfd-ba0a-848770650685","gpioa":0,"gpiob":0,"gpioc":32768,"gpiod":4104,"gpioe":5120,"modeltime":0,"type":"gpio"}
,[25.4.2022 | 1:25:18] {"client-id":"2f8ad619-e553-4dfd-ba0a-848770650685","gpioa":0,"gpiob":0,"gpioc":32768,"gpiod":4104,"gpioe":5120,"modeltime":0,"type":"gpio"}
,[25.4.2022 | 1:25:18] {"client-id":"2f8ad619-e553-4dfd-ba0a-848770650685","gpioa":0,"gpiob":0,"gpioc":32768,"gpiod":4104,"gpioe":5120,"modeltime":0,"type":"gpio"}
,[25.4.2022 | 1:25:18] {"client-id":"2f8ad619-e553-4dfd-ba0a-848770650685","gpioa":0,"gpiob":0,"gpioc":32768,"gpiod":4104,"gpioe":5120,"modeltime":0,"type":"gpio"}
,[25.4.2022 | 1:25:18] {"client-id":"2f8ad619-e553-4dfd-ba0a-848770650685","gpioa":0,"gpiob":0,"gpioc":32768,"gpiod":4104,"gpioe":5120,"modeltime":0,"type":"gpio"}
,[25.4.2022 | 1:25:18] {"client-id":"2f8ad619-e553-4dfd-ba0a-848770650685","gpioa":0,"gpiob":0,"gpioc":32768,"gpiod":6168,"gpioe":5120,"modeltime":0,"type":"gpio"}
,[25.4.2022 | 1:25:19] {"client-id":"2f8ad619-e553-4dfd-ba0a-848770650685","gpioa":0,"gpiob":0,"gpioc":32768,"gpiod":6168,"gpioe":5120,"modeltime":0,"type":"gpio"}
,[25.4.2022 | 1:25:19] {"client-id":"2f8ad619-e553-4dfd-ba0a-848770650685","gpioa":0,"gpiob":0,"gpioc":32768,"gpiod":6168,"gpioe":5120,"modeltime":0,"type":"gpio"}
,[25.4.2022 | 1:25:19] {"client-id":"2f8ad619-e553-4dfd-ba0a-848770650685","gpioa":0,"gpiob":0,"gpioc":32768,"gpiod":6168,"gpioe":5120,"modeltime":0,"type":"gpio"}
,[25.4.2022 | 1:25:19] {"client-id":"2f8ad619-e553-4dfd-ba0a-848770650685","gpioa":0,"gpiob":0,"gpioc":32768,"gpiod":6168,"gpioe":5120,"modeltime":0,"type":"gpio"}
,[25.4.2022 | 1:25:19] {"client-id":"2f8ad619-e553-4dfd-ba0a-848770650685","gpioa":0,"gpiob":0,"gpioc":32768,"gpiod":6168,"gpioe":5120,"modeltime":0,"type":"gpio"}
,[25.4.2022 | 1:25:19] {"client-id":"2f8ad619-e553-4dfd-ba0a-848770650685","gpioa":0,"gpiob":0,"gpioc":32768,"gpiod":6168,"gpioe":5120,"modeltime":0,"type":"gpio"}
,[25.4.2022 | 1:25:19] {"client-id":"2f8ad619-e553-4dfd-ba0a-848770650685","gpioa":0,"gpiob":0,"gpioc":32768,"gpiod":6168,"gpioe":5120,"modeltime":0,"type":"gpio"}
,[25.4.2022 | 1:25:19] {"client-id":"2f8ad619-e553-4dfd-ba0a-848770650685","gpioa":0,"gpiob":0,"gpioc":32768,"gpiod":6168,"gpioe":5120,"modeltime":0,"type":"gpio"}
,[25.4.2022 | 1:25:19] {"client-id":"2f8ad619-e553-4dfd-ba0a-848770650685","gpioa":0,"gpiob":0,"gpioc":32768,"gpiod":6168,"gpioe":5120,"modeltime":0,"type":"gpio"}
,[25.4.2022 | 1:25:19] {"client-id":"2f8ad619-e553-4dfd-ba0a-848770650685","gpioa":0,"gpiob":0,"gpioc":32768,"gpiod":6168,"gpioe":5120,"modeltime":0,"type":"gpio"}
,[25.4.2022 | 1:25:20] {"client-id":"2f8ad619-e553-4dfd-ba0a-848770650685","gpioa":0,"gpiob":0,"gpioc":32768,"gpiod":6168,"gpioe":5120,"modeltime":0,"type":"gpio"}
,[25.4.2022 | 1:25:20] {"client-id":"2f8ad619-e553-4dfd-ba0a-848770650685","gpioa":0,"gpiob":0,"gpioc":32768,"gpiod":6168,"gpioe":5120,"modeltime":0,"type":"gpio"}
,[25.4.2022 | 1:25:20] {"client-id":"2f8ad619-e553-4dfd-ba0a-848770650685","gpioa":0,"gpiob":0,"gpioc":32768,"gpiod":6168,"gpioe":5120,"modeltime":0,"type":"gpio"}
,[25.4.2022 | 1:25:20] {"client-id":"2f8ad619-e553-4dfd-ba0a-848770650685","gpioa":0,"gpiob":0,"gpioc":32768,"gpiod":6168,"gpioe":5120,"modeltime":0,"type":"gpio"}
,[25.4.2022 | 1:25:20] {"client-id":"2f8ad619-e553-4dfd-ba0a-848770650685","gpioa":0,"gpiob":0,"gpioc":32768,"gpiod":6712,"gpioe":5120,"modeltime":0,"type":"gpio"}
,[25.4.2022 | 1:25:20] {"client-id":"2f8ad619-e553-4dfd-ba0a-848770650685","gpioa":0,"gpiob":0,"gpioc":32768,"gpiod":6712,"gpioe":5120,"modeltime":0,"type":"gpio"}
,[25.4.2022 | 1:25:20] {"client-id":"2f8ad619-e553-4dfd-ba0a-848770650685","gpioa":0,"gpiob":0,"gpioc":32768,"gpiod":6712,"gpioe":5120,"modeltime":0,"type":"gpio"}
,[25.4.2022 | 1:25:20] {"client-id":"2f8ad619-e553-4dfd-ba0a-848770650685","gpioa":0,"gpiob":0,"gpioc":32768,"gpiod":6712,"gpioe":5120,"modeltime":0,"type":"gpio"}
,[25.4.2022 | 1:25:20] {"client-id":"2f8ad619-e553-4dfd-ba0a-848770650685","gpioa":0,"gpiob":0,"gpioc":32768,"gpiod":6712,"gpioe":5120,"modeltime":0,"type":"gpio"}
,[25.4.2022 | 1:25:20] {"client-id":"2f8ad619-e553-4dfd-ba0a-848770650685","gpioa":0,"gpiob":0,"gpioc":32768,"gpiod":6712,"gpioe":5120,"modeltime":0,"type":"gpio"}
,[25.4.2022 | 1:25:21] {"client-id":"2f8ad619-e553-4dfd-ba0a-848770650685","gpioa":0,"gpiob":0,"gpioc":32768,"gpiod":6712,"gpioe":5120,"modeltime":0,"type":"gpio"}
,[25.4.2022 | 1:25:21] {"client-id":"2f8ad619-e553-4dfd-ba0a-848770650685","gpioa":0,"gpiob":0,"gpioc":32768,"gpiod":6712,"gpioe":5120,"modeltime":0,"type":"gpio"}
,[25.4.2022 | 1:25:21] {"client-id":"2f8ad619-e553-4dfd-ba0a-848770650685","gpioa":0,"gpiob":0,"gpioc":32768,"gpiod":6712,"gpioe":5120,"modeltime":0,"type":"gpio"}
,[25.4.2022 | 1:25:21] {"client-id":"2f8ad619-e553-4dfd-ba0a-848770650685","gpioa":0,"gpiob":0,"gpioc":32768,"gpiod":6712,"gpioe":5120,"modeltime":0,"type":"gpio"}
,[25.4.2022 | 1:25:21] {"client-id":"2f8ad619-e553-4dfd-ba0a-848770650685","gpioa":0,"gpiob":0,"gpioc":32768,"gpiod":6712,"gpioe":5120,"modeltime":0,"type":"gpio"}
,[25.4.2022 | 1:25:21] {"client-id":"2f8ad619-e553-4dfd-ba0a-848770650685","gpioa":0,"gpiob":0,"gpioc":32768,"gpiod":6712,"gpioe":5120,"modeltime":0,"type":"gpio"}
,[25.4.2022 | 1:25:21] {"client-id":"2f8ad619-e553-4dfd-ba0a-848770650685","gpioa":0,"gpiob":0,"gpioc":32768,"gpiod":6712,"gpioe":5120,"modeltime":0,"type":"gpio"}
,[25.4.2022 | 1:25:21] {"client-id":"2f8ad619-e553-4dfd-ba0a-848770650685","gpioa":0,"gpiob":0,"gpioc":32768,"gpiod":6712,"gpioe":5120,"modeltime":0,"type":"gpio"}
,[25.4.2022 | 1:25:21] {"client-id":"2f8ad619-e553-4dfd-ba0a-848770650685","gpioa":0,"gpiob":0,"gpioc":32768,"gpiod":6712,"gpioe":5120,"modeltime":0,"type":"gpio"}
,[25.4.2022 | 1:25:21] {"client-id":"2f8ad619-e553-4dfd-ba0a-848770650685","gpioa":0,"gpiob":0,"gpioc":32768,"gpiod":7032,"gpioe":5120,"modeltime":0,"type":"gpio"}
,[25.4.2022 | 1:25:22] {"client-id":"2f8ad619-e553-4dfd-ba0a-848770650685","gpioa":0,"gpiob":0,"gpioc":32768,"gpiod":7032,"gpioe":5120,"modeltime":0,"type":"gpio"}
,[25.4.2022 | 1:25:22] {"client-id":"2f8ad619-e553-4dfd-ba0a-848770650685","gpioa":0,"gpiob":0,"gpioc":32768,"gpiod":7032,"gpioe":5120,"modeltime":0,"type":"gpio"}
,[25.4.2022 | 1:25:22] {"client-id":"2f8ad619-e553-4dfd-ba0a-848770650685","gpioa":0,"gpiob":0,"gpioc":32768,"gpiod":7032,"gpioe":5120,"modeltime":0,"type":"gpio"}
,[25.4.2022 | 1:25:22] {"client-id":"2f8ad619-e553-4dfd-ba0a-848770650685","gpioa":0,"gpiob":0,"gpioc":32768,"gpiod":7032,"gpioe":5120,"modeltime":0,"type":"gpio"}
,[25.4.2022 | 1:25:22] {"client-id":"2f8ad619-e553-4dfd-ba0a-848770650685","gpioa":0,"gpiob":0,"gpioc":32768,"gpiod":7032,"gpioe":5120,"modeltime":0,"type":"gpio"}
,[25.4.2022 | 1:25:22] {"client-id":"2f8ad619-e553-4dfd-ba0a-848770650685","gpioa":0,"gpiob":0,"gpioc":32768,"gpiod":7032,"gpioe":5120,"modeltime":0,"type":"gpio"}
,[25.4.2022 | 1:25:22] {"client-id":"2f8ad619-e553-4dfd-ba0a-848770650685","gpioa":0,"gpiob":0,"gpioc":32768,"gpiod":7032,"gpioe":5120,"modeltime":0,"type":"gpio"}
,[25.4.2022 | 1:25:22] {"client-id":"2f8ad619-e553-4dfd-ba0a-848770650685","gpioa":0,"gpiob":0,"gpioc":32768,"gpiod":7032,"gpioe":5120,"modeltime":0,"type":"gpio"}
,[25.4.2022 | 1:25:22] {"client-id":"2f8ad619-e553-4dfd-ba0a-848770650685","gpioa":0,"gpiob":0,"gpioc":32768,"gpiod":7032,"gpioe":5120,"modeltime":0,"type":"gpio"}
,[25.4.2022 | 1:25:22] {"client-id":"2f8ad619-e553-4dfd-ba0a-848770650685","gpioa":0,"gpiob":0,"gpioc":32768,"gpiod":7032,"gpioe":5120,"modeltime":0,"type":"gpio"}
,[25.4.2022 | 1:25:23] {"client-id":"2f8ad619-e553-4dfd-ba0a-848770650685","gpioa":0,"gpiob":0,"gpioc":32768,"gpiod":7032,"gpioe":5120,"modeltime":0,"type":"gpio"}
,[25.4.2022 | 1:25:23] {"client-id":"2f8ad619-e553-4dfd-ba0a-848770650685","gpioa":0,"gpiob":0,"gpioc":32768,"gpiod":7032,"gpioe":5376,"modeltime":0,"type":"gpio"}
,[25.4.2022 | 1:25:23] {"client-id":"2f8ad619-e553-4dfd-ba0a-848770650685","gpioa":0,"gpiob":0,"gpioc":32768,"gpiod":7032,"gpioe":5376,"modeltime":0,"type":"gpio"}
,[25.4.2022 | 1:25:23] {"client-id":"2f8ad619-e553-4dfd-ba0a-848770650685","gpioa":0,"gpiob":0,"gpioc":32768,"gpiod":7032,"gpioe":5376,"modeltime":0,"type":"gpio"}
,[25.4.2022 | 1:25:23] {"client-id":"2f8ad619-e553-4dfd-ba0a-848770650685","gpioa":0,"gpiob":0,"gpioc":32768,"gpiod":7032,"gpioe":5376,"modeltime":0,"type":"gpio"}
,[25.4.2022 | 1:25:23] {"client-id":"2f8ad619-e553-4dfd-ba0a-848770650685","gpioa":0,"gpiob":0,"gpioc":32768,"gpiod":7032,"gpioe":5376,"modeltime":0,"type":"gpio"}
,[25.4.2022 | 1:25:23] {"client-id":"2f8ad619-e553-4dfd-ba0a-848770650685","gpioa":0,"gpiob":0,"gpioc":32768,"gpiod":7032,"gpioe":5376,"modeltime":0,"type":"gpio"}
,[25.4.2022 | 1:25:23] {"client-id":"2f8ad619-e553-4dfd-ba0a-848770650685","gpioa":0,"gpiob":0,"gpioc":32768,"gpiod":7032,"gpioe":5376,"modeltime":0,"type":"gpio"}
,[25.4.2022 | 1:25:23] {"client-id":"2f8ad619-e553-4dfd-ba0a-848770650685","gpioa":0,"gpiob":0,"gpioc":32768,"gpiod":7032,"gpioe":5376,"modeltime":0,"type":"gpio"}
,[25.4.2022 | 1:25:23] {"client-id":"2f8ad619-e553-4dfd-ba0a-848770650685","gpioa":0,"gpiob":0,"gpioc":32768,"gpiod":7032,"gpioe":5376,"modeltime":0,"type":"gpio"}
,[25.4.2022 | 1:25:24] {"client-id":"2f8ad619-e553-4dfd-ba0a-848770650685","gpioa":0,"gpiob":0,"gpioc":32768,"gpiod":7032,"gpioe":5376,"modeltime":0,"type":"gpio"}
,[25.4.2022 | 1:25:24] {"client-id":"2f8ad619-e553-4dfd-ba0a-848770650685","gpioa":0,"gpiob":0,"gpioc":32768,"gpiod":7032,"gpioe":5376,"modeltime":0,"type":"gpio"}
,[25.4.2022 | 1:25:24] {"client-id":"2f8ad619-e553-4dfd-ba0a-848770650685","gpioa":0,"gpiob":0,"gpioc":32768,"gpiod":7032,"gpioe":5376,"modeltime":0,"type":"gpio"}
,[25.4.2022 | 1:25:24] {"client-id":"2f8ad619-e553-4dfd-ba0a-848770650685","gpioa":0,"gpiob":0,"gpioc":32768,"gpiod":7032,"gpioe":5376,"modeltime":0,"type":"gpio"}
,[25.4.2022 | 1:25:24] {"client-id":"2f8ad619-e553-4dfd-ba0a-848770650685","gpioa":0,"gpiob":0,"gpioc":32768,"gpiod":6712,"gpioe":5376,"modeltime":0,"type":"gpio"}
,[25.4.2022 | 1:25:24] {"client-id":"2f8ad619-e553-4dfd-ba0a-848770650685","gpioa":0,"gpiob":0,"gpioc":32768,"gpiod":6712,"gpioe":5376,"modeltime":0,"type":"gpio"}
,[25.4.2022 | 1:25:24] {"client-id":"2f8ad619-e553-4dfd-ba0a-848770650685","gpioa":0,"gpiob":0,"gpioc":32768,"gpiod":6712,"gpioe":5376,"modeltime":0,"type":"gpio"}
,[25.4.2022 | 1:25:24] {"client-id":"2f8ad619-e553-4dfd-ba0a-848770650685","gpioa":0,"gpiob":0,"gpioc":32768,"gpiod":6712,"gpioe":5376,"modeltime":0,"type":"gpio"}
,[25.4.2022 | 1:25:24] {"client-id":"2f8ad619-e553-4dfd-ba0a-848770650685","gpioa":0,"gpiob":0,"gpioc":32768,"gpiod":6712,"gpioe":5376,"modeltime":0,"type":"gpio"}
,[25.4.2022 | 1:25:24] {"client-id":"2f8ad619-e553-4dfd-ba0a-848770650685","gpioa":0,"gpiob":0,"gpioc":32768,"gpiod":6712,"gpioe":5376,"modeltime":0,"type":"gpio"}
,[25.4.2022 | 1:25:25] {"client-id":"2f8ad619-e553-4dfd-ba0a-848770650685","gpioa":0,"gpiob":0,"gpioc":32768,"gpiod":6712,"gpioe":5376,"modeltime":0,"type":"gpio"}
,[25.4.2022 | 1:25:25] {"client-id":"2f8ad619-e553-4dfd-ba0a-848770650685","gpioa":0,"gpiob":0,"gpioc":32768,"gpiod":6712,"gpioe":5376,"modeltime":0,"type":"gpio"}
,[25.4.2022 | 1:25:25] {"client-id":"2f8ad619-e553-4dfd-ba0a-848770650685","gpioa":0,"gpiob":0,"gpioc":32768,"gpiod":6712,"gpioe":5376,"modeltime":0,"type":"gpio"}
,[25.4.2022 | 1:25:25] {"client-id":"2f8ad619-e553-4dfd-ba0a-848770650685","gpioa":0,"gpiob":0,"gpioc":32768,"gpiod":6712,"gpioe":5376,"modeltime":0,"type":"gpio"}
,[25.4.2022 | 1:25:25] {"client-id":"2f8ad619-e553-4dfd-ba0a-848770650685","gpioa":0,"gpiob":0,"gpioc":32768,"gpiod":6712,"gpioe":5376,"modeltime":0,"type":"gpio"}
,[25.4.2022 | 1:25:25] {"client-id":"2f8ad619-e553-4dfd-ba0a-848770650685","gpioa":0,"gpiob":0,"gpioc":32768,"gpiod":6712,"gpioe":5376,"modeltime":0,"type":"gpio"}
,[25.4.2022 | 1:25:25] {"client-id":"2f8ad619-e553-4dfd-ba0a-848770650685","gpioa":0,"gpiob":0,"gpioc":32768,"gpiod":6712,"gpioe":5376,"modeltime":0,"type":"gpio"}
,[25.4.2022 | 1:25:25] {"client-id":"2f8ad619-e553-4dfd-ba0a-848770650685","gpioa":0,"gpiob":0,"gpioc":32768,"gpiod":6712,"gpioe":5376,"modeltime":0,"type":"gpio"}
,[25.4.2022 | 1:25:25] {"client-id":"2f8ad619-e553-4dfd-ba0a-848770650685","gpioa":0,"gpiob":0,"gpioc":32768,"gpiod":6712,"gpioe":5376,"modeltime":0,"type":"gpio"}
,[25.4.2022 | 1:25:25] {"client-id":"2f8ad619-e553-4dfd-ba0a-848770650685","gpioa":0,"gpiob":0,"gpioc":32768,"gpiod":6168,"gpioe":5376,"modeltime":0,"type":"gpio"}
,[25.4.2022 | 1:25:26] {"client-id":"2f8ad619-e553-4dfd-ba0a-848770650685","gpioa":0,"gpiob":0,"gpioc":32768,"gpiod":6168,"gpioe":5376,"modeltime":0,"type":"gpio"}
,[25.4.2022 | 1:25:26] {"client-id":"2f8ad619-e553-4dfd-ba0a-848770650685","gpioa":0,"gpiob":0,"gpioc":32768,"gpiod":6168,"gpioe":5376,"modeltime":0,"type":"gpio"}
,[25.4.2022 | 1:25:26] {"client-id":"2f8ad619-e553-4dfd-ba0a-848770650685","gpioa":0,"gpiob":0,"gpioc":32768,"gpiod":6168,"gpioe":5376,"modeltime":0,"type":"gpio"}
,[25.4.2022 | 1:25:26] {"client-id":"2f8ad619-e553-4dfd-ba0a-848770650685","gpioa":0,"gpiob":0,"gpioc":32768,"gpiod":6168,"gpioe":5376,"modeltime":0,"type":"gpio"}
,[25.4.2022 | 1:25:26] {"client-id":"2f8ad619-e553-4dfd-ba0a-848770650685","gpioa":0,"gpiob":0,"gpioc":32768,"gpiod":6168,"gpioe":5376,"modeltime":0,"type":"gpio"}
,[25.4.2022 | 1:25:26] {"client-id":"2f8ad619-e553-4dfd-ba0a-848770650685","gpioa":0,"gpiob":0,"gpioc":32768,"gpiod":6168,"gpioe":5376,"modeltime":0,"type":"gpio"}
,[25.4.2022 | 1:25:26] {"client-id":"2f8ad619-e553-4dfd-ba0a-848770650685","gpioa":0,"gpiob":0,"gpioc":32768,"gpiod":6168,"gpioe":5376,"modeltime":0,"type":"gpio"}
,[25.4.2022 | 1:25:26] {"client-id":"2f8ad619-e553-4dfd-ba0a-848770650685","gpioa":0,"gpiob":0,"gpioc":32768,"gpiod":6168,"gpioe":5376,"modeltime":0,"type":"gpio"}
,[25.4.2022 | 1:25:26] {"client-id":"2f8ad619-e553-4dfd-ba0a-848770650685","gpioa":0,"gpiob":0,"gpioc":32768,"gpiod":6168,"gpioe":5376,"modeltime":0,"type":"gpio"}
,[25.4.2022 | 1:25:26] {"client-id":"2f8ad619-e553-4dfd-ba0a-848770650685","gpioa":0,"gpiob":0,"gpioc":32768,"gpiod":6168,"gpioe":5376,"modeltime":0,"type":"gpio"}
,[25.4.2022 | 1:25:27] {"client-id":"2f8ad619-e553-4dfd-ba0a-848770650685","gpioa":0,"gpiob":0,"gpioc":32768,"gpiod":6168,"gpioe":5376,"modeltime":0,"type":"gpio"}
,[25.4.2022 | 1:25:27] {"client-id":"2f8ad619-e553-4dfd-ba0a-848770650685","gpioa":0,"gpiob":0,"gpioc":32768,"gpiod":6168,"gpioe":5376,"modeltime":0,"type":"gpio"}
,[25.4.2022 | 1:25:27] {"client-id":"2f8ad619-e553-4dfd-ba0a-848770650685","gpioa":0,"gpiob":0,"gpioc":32768,"gpiod":6168,"gpioe":5376,"modeltime":0,"type":"gpio"}
,[25.4.2022 | 1:25:27] {"client-id":"2f8ad619-e553-4dfd-ba0a-848770650685","gpioa":0,"gpiob":0,"gpioc":32768,"gpiod":6168,"gpioe":5376,"modeltime":0,"type":"gpio"}
,[25.4.2022 | 1:25:27] {"client-id":"2f8ad619-e553-4dfd-ba0a-848770650685","gpioa":0,"gpiob":0,"gpioc":32768,"gpiod":6168,"gpioe":5376,"modeltime":0,"type":"gpio"}
,[25.4.2022 | 1:25:27] {"client-id":"2f8ad619-e553-4dfd-ba0a-848770650685","gpioa":0,"gpiob":0,"gpioc":32768,"gpiod":6168,"gpioe":5376,"modeltime":0,"type":"gpio"}
,[25.4.2022 | 1:25:27] {"client-id":"2f8ad619-e553-4dfd-ba0a-848770650685","gpioa":0,"gpiob":0,"gpioc":32768,"gpiod":6168,"gpioe":5376,"modeltime":0,"type":"gpio"}
,[25.4.2022 | 1:25:27] {"client-id":"2f8ad619-e553-4dfd-ba0a-848770650685","gpioa":0,"gpiob":0,"gpioc":32768,"gpiod":6168,"gpioe":5376,"modeltime":0,"type":"gpio"}
,[25.4.2022 | 1:25:27] {"client-id":"2f8ad619-e553-4dfd-ba0a-848770650685","gpioa":0,"gpiob":0,"gpioc":32768,"gpiod":6168,"gpioe":5376,"modeltime":0,"type":"gpio"}
,[25.4.2022 | 1:25:27] {"client-id":"2f8ad619-e553-4dfd-ba0a-848770650685","gpioa":0,"gpiob":0,"gpioc":32768,"gpiod":6168,"gpioe":5376,"modeltime":0,"type":"gpio"}
,[25.4.2022 | 1:25:28] {"client-id":"2f8ad619-e553-4dfd-ba0a-848770650685","gpioa":0,"gpiob":0,"gpioc":32768,"gpiod":6168,"gpioe":5376,"modeltime":0,"type":"gpio"}
,[25.4.2022 | 1:25:28] {"client-id":"2f8ad619-e553-4dfd-ba0a-848770650685","gpioa":0,"gpiob":0,"gpioc":32768,"gpiod":6168,"gpioe":5376,"modeltime":0,"type":"gpio"}
,[25.4.2022 | 1:25:28] {"client-id":"2f8ad619-e553-4dfd-ba0a-848770650685","gpioa":0,"gpiob":0,"gpioc":32768,"gpiod":6168,"gpioe":5376,"modeltime":0,"type":"gpio"}
,[25.4.2022 | 1:25:28] {"client-id":"2f8ad619-e553-4dfd-ba0a-848770650685","gpioa":0,"gpiob":0,"gpioc":32768,"gpiod":6168,"gpioe":5376,"modeltime":0,"type":"gpio"}
,[25.4.2022 | 1:25:28] {"client-id":"2f8ad619-e553-4dfd-ba0a-848770650685","gpioa":0,"gpiob":0,"gpioc":32768,"gpiod":4104,"gpioe":5376,"modeltime":0,"type":"gpio"}
,[25.4.2022 | 1:25:28] {"client-id":"2f8ad619-e553-4dfd-ba0a-848770650685","gpioa":0,"gpiob":0,"gpioc":32768,"gpiod":4104,"gpioe":5376,"modeltime":0,"type":"gpio"}
,[25.4.2022 | 1:25:28] {"client-id":"2f8ad619-e553-4dfd-ba0a-848770650685","gpioa":0,"gpiob":0,"gpioc":32768,"gpiod":4104,"gpioe":5376,"modeltime":0,"type":"gpio"}
,[25.4.2022 | 1:25:28] {"client-id":"2f8ad619-e553-4dfd-ba0a-848770650685","gpioa":0,"gpiob":0,"gpioc":32768,"gpiod":4104,"gpioe":5376,"modeltime":0,"type":"gpio"}
,[25.4.2022 | 1:25:28] {"client-id":"2f8ad619-e553-4dfd-ba0a-848770650685","gpioa":0,"gpiob":0,"gpioc":32768,"gpiod":4104,"gpioe":5376,"modeltime":0,"type":"gpio"}
,[25.4.2022 | 1:25:28] {"client-id":"2f8ad619-e553-4dfd-ba0a-848770650685","gpioa":0,"gpiob":0,"gpioc":32768,"gpiod":4104,"gpioe":5376,"modeltime":0,"type":"gpio"}
,[25.4.2022 | 1:25:29] {"client-id":"2f8ad619-e553-4dfd-ba0a-848770650685","gpioa":0,"gpiob":0,"gpioc":32768,"gpiod":4104,"gpioe":5376,"modeltime":0,"type":"gpio"}
,[25.4.2022 | 1:25:29] {"client-id":"2f8ad619-e553-4dfd-ba0a-848770650685","gpioa":0,"gpiob":0,"gpioc":32768,"gpiod":4104,"gpioe":5376,"modeltime":0,"type":"gpio"}
,[25.4.2022 | 1:25:29] {"client-id":"2f8ad619-e553-4dfd-ba0a-848770650685","gpioa":0,"gpiob":0,"gpioc":32768,"gpiod":4104,"gpioe":5376,"modeltime":0,"type":"gpio"}
,[25.4.2022 | 1:25:29] {"client-id":"2f8ad619-e553-4dfd-ba0a-848770650685","gpioa":0,"gpiob":0,"gpioc":32768,"gpiod":4104,"gpioe":5376,"modeltime":0,"type":"gpio"}
,[25.4.2022 | 1:25:29] {"client-id":"2f8ad619-e553-4dfd-ba0a-848770650685","gpioa":0,"gpiob":0,"gpioc":32768,"gpiod":4104,"gpioe":5376,"modeltime":0,"type":"gpio"}
,[25.4.2022 | 1:25:29] {"client-id":"2f8ad619-e553-4dfd-ba0a-848770650685","gpioa":0,"gpiob":0,"gpioc":32768,"gpiod":4104,"gpioe":5376,"modeltime":0,"type":"gpio"}
,[25.4.2022 | 1:25:29] {"client-id":"2f8ad619-e553-4dfd-ba0a-848770650685","gpioa":0,"gpiob":0,"gpioc":32768,"gpiod":4104,"gpioe":5376,"modeltime":0,"type":"gpio"}
,[25.4.2022 | 1:25:29] {"client-id":"2f8ad619-e553-4dfd-ba0a-848770650685","gpioa":0,"gpiob":0,"gpioc":32768,"gpiod":4104,"gpioe":5376,"modeltime":0,"type":"gpio"}
,[25.4.2022 | 1:25:29] {"client-id":"2f8ad619-e553-4dfd-ba0a-848770650685","gpioa":0,"gpiob":0,"gpioc":32768,"gpiod":4104,"gpioe":5376,"modeltime":0,"type":"gpio"}
,[25.4.2022 | 1:25:29] {"client-id":"2f8ad619-e553-4dfd-ba0a-848770650685","gpioa":0,"gpiob":0,"gpioc":32768,"gpiod":4104,"gpioe":5376,"modeltime":0,"type":"gpio"}
,[25.4.2022 | 1:25:30] {"client-id":"2f8ad619-e553-4dfd-ba0a-848770650685","gpioa":0,"gpiob":0,"gpioc":32768,"gpiod":4104,"gpioe":5376,"modeltime":0,"type":"gpio"}
,[25.4.2022 | 1:25:30] {"client-id":"2f8ad619-e553-4dfd-ba0a-848770650685","gpioa":0,"gpiob":0,"gpioc":32768,"gpiod":4104,"gpioe":5376,"modeltime":0,"type":"gpio"}
,[25.4.2022 | 1:25:30] {"client-id":"2f8ad619-e553-4dfd-ba0a-848770650685","gpioa":0,"gpiob":0,"gpioc":32768,"gpiod":4104,"gpioe":5376,"modeltime":0,"type":"gpio"}
,[25.4.2022 | 1:25:30] {"client-id":"2f8ad619-e553-4dfd-ba0a-848770650685","gpioa":0,"gpiob":0,"gpioc":32768,"gpiod":4104,"gpioe":5376,"modeltime":0,"type":"gpio"}
,[25.4.2022 | 1:25:30] {"client-id":"2f8ad619-e553-4dfd-ba0a-848770650685","gpioa":0,"gpiob":0,"gpioc":32768,"gpiod":4104,"gpioe":5376,"modeltime":0,"type":"gpio"}
,[25.4.2022 | 1:25:30] {"client-id":"2f8ad619-e553-4dfd-ba0a-848770650685","gpioa":0,"gpiob":0,"gpioc":32768,"gpiod":4104,"gpioe":5376,"modeltime":0,"type":"gpio"}
,[25.4.2022 | 1:25:30] {"client-id":"2f8ad619-e553-4dfd-ba0a-848770650685","gpioa":0,"gpiob":0,"gpioc":32768,"gpiod":4104,"gpioe":5376,"modeltime":0,"type":"gpio"}
,[25.4.2022 | 1:25:30] {"client-id":"2f8ad619-e553-4dfd-ba0a-848770650685","gpioa":0,"gpiob":0,"gpioc":32768,"gpiod":4104,"gpioe":5376,"modeltime":0,"type":"gpio"}
,[25.4.2022 | 1:25:30] {"client-id":"2f8ad619-e553-4dfd-ba0a-848770650685","gpioa":0,"gpiob":0,"gpioc":32768,"gpiod":4104,"gpioe":5376,"modeltime":0,"type":"gpio"}
,[25.4.2022 | 1:25:30] {"client-id":"2f8ad619-e553-4dfd-ba0a-848770650685","gpioa":0,"gpiob":0,"gpioc":32768,"gpiod":0,"gpioe":5376,"modeltime":0,"type":"gpio"}
,[25.4.2022 | 1:25:31] {"client-id":"2f8ad619-e553-4dfd-ba0a-848770650685","gpioa":0,"gpiob":0,"gpioc":32768,"gpiod":0,"gpioe":5392,"modeltime":0,"type":"gpio"}
,[25.4.2022 | 1:25:31] {"client-id":"2f8ad619-e553-4dfd-ba0a-848770650685","gpioa":0,"gpiob":0,"gpioc":32768,"gpiod":0,"gpioe":5392,"modeltime":0,"type":"gpio"}
,[25.4.2022 | 1:25:31] {"client-id":"2f8ad619-e553-4dfd-ba0a-848770650685","gpioa":0,"gpiob":0,"gpioc":32768,"gpiod":0,"gpioe":5392,"modeltime":0,"type":"gpio"}
,[25.4.2022 | 1:25:31] {"client-id":"2f8ad619-e553-4dfd-ba0a-848770650685","gpioa":0,"gpiob":0,"gpioc":32768,"gpiod":0,"gpioe":5392,"modeltime":0,"type":"gpio"}
,[25.4.2022 | 1:25:31] {"client-id":"2f8ad619-e553-4dfd-ba0a-848770650685","gpioa":0,"gpiob":0,"gpioc":32768,"gpiod":0,"gpioe":5392,"modeltime":0,"type":"gpio"}
,[25.4.2022 | 1:25:31] {"client-id":"2f8ad619-e553-4dfd-ba0a-848770650685","gpioa":0,"gpiob":0,"gpioc":32768,"gpiod":0,"gpioe":5392,"modeltime":0,"type":"gpio"}
,[25.4.2022 | 1:25:31] {"client-id":"2f8ad619-e553-4dfd-ba0a-848770650685","gpioa":0,"gpiob":0,"gpioc":32768,"gpiod":0,"gpioe":5392,"modeltime":0,"type":"gpio"}
,[25.4.2022 | 1:25:31] {"client-id":"2f8ad619-e553-4dfd-ba0a-848770650685","gpioa":0,"gpiob":0,"gpioc":32768,"gpiod":0,"gpioe":5392,"modeltime":0,"type":"gpio"}
,[25.4.2022 | 1:25:31] {"client-id":"2f8ad619-e553-4dfd-ba0a-848770650685","gpioa":0,"gpiob":0,"gpioc":32768,"gpiod":0,"gpioe":5392,"modeltime":0,"type":"gpio"}
,[25.4.2022 | 1:25:31] {"client-id":"2f8ad619-e553-4dfd-ba0a-848770650685","gpioa":0,"gpiob":0,"gpioc":32768,"gpiod":0,"gpioe":5392,"modeltime":0,"type":"gpio"}
,[25.4.2022 | 1:25:32] {"client-id":"2f8ad619-e553-4dfd-ba0a-848770650685","gpioa":0,"gpiob":0,"gpioc":32768,"gpiod":0,"gpioe":5392,"modeltime":0,"type":"gpio"}
,[25.4.2022 | 1:25:32] {"client-id":"2f8ad619-e553-4dfd-ba0a-848770650685","gpioa":0,"gpiob":0,"gpioc":32768,"gpiod":0,"gpioe":5392,"modeltime":0,"type":"gpio"}
,[25.4.2022 | 1:25:32] {"client-id":"2f8ad619-e553-4dfd-ba0a-848770650685","gpioa":0,"gpiob":0,"gpioc":32768,"gpiod":0,"gpioe":5392,"modeltime":0,"type":"gpio"}
,[25.4.2022 | 1:25:32] {"client-id":"2f8ad619-e553-4dfd-ba0a-848770650685","gpioa":0,"gpiob":0,"gpioc":32768,"gpiod":0,"gpioe":5392,"modeltime":0,"type":"gpio"}
,[25.4.2022 | 1:25:32] {"client-id":"2f8ad619-e553-4dfd-ba0a-848770650685","gpioa":0,"gpiob":0,"gpioc":32768,"gpiod":0,"gpioe":5392,"modeltime":0,"type":"gpio"}
,[25.4.2022 | 1:25:32] {"client-id":"2f8ad619-e553-4dfd-ba0a-848770650685","gpioa":0,"gpiob":0,"gpioc":32768,"gpiod":0,"gpioe":5392,"modeltime":0,"type":"gpio"}
,[25.4.2022 | 1:25:32] {"client-id":"2f8ad619-e553-4dfd-ba0a-848770650685","gpioa":0,"gpiob":0,"gpioc":32768,"gpiod":0,"gpioe":5392,"modeltime":0,"type":"gpio"}
,[25.4.2022 | 1:25:32] {"client-id":"2f8ad619-e553-4dfd-ba0a-848770650685","gpioa":0,"gpiob":0,"gpioc":32768,"gpiod":0,"gpioe":5392,"modeltime":0,"type":"gpio"}
,[25.4.2022 | 1:25:32] {"client-id":"2f8ad619-e553-4dfd-ba0a-848770650685","gpioa":0,"gpiob":0,"gpioc":32768,"gpiod":0,"gpioe":5392,"modeltime":0,"type":"gpio"}
,[25.4.2022 | 1:25:32] {"client-id":"2f8ad619-e553-4dfd-ba0a-848770650685","gpioa":0,"gpiob":0,"gpioc":32768,"gpiod":0,"gpioe":5392,"modeltime":0,"type":"gpio"}
,[25.4.2022 | 1:25:33] {"client-id":"2f8ad619-e553-4dfd-ba0a-848770650685","gpioa":0,"gpiob":0,"gpioc":32768,"gpiod":0,"gpioe":5392,"modeltime":0,"type":"gpio"}
,[25.4.2022 | 1:25:33] {"client-id":"2f8ad619-e553-4dfd-ba0a-848770650685","gpioa":0,"gpiob":0,"gpioc":32768,"gpiod":0,"gpioe":5392,"modeltime":0,"type":"gpio"}
,[25.4.2022 | 1:25:33] {"client-id":"2f8ad619-e553-4dfd-ba0a-848770650685","gpioa":0,"gpiob":0,"gpioc":32768,"gpiod":0,"gpioe":5392,"modeltime":0,"type":"gpio"}
,[25.4.2022 | 1:25:33] {"client-id":"2f8ad619-e553-4dfd-ba0a-848770650685","gpioa":0,"gpiob":0,"gpioc":32768,"gpiod":0,"gpioe":5392,"modeltime":0,"type":"gpio"}
,[25.4.2022 | 1:25:33] {"client-id":"2f8ad619-e553-4dfd-ba0a-848770650685","gpioa":0,"gpiob":0,"gpioc":32768,"gpiod":0,"gpioe":5392,"modeltime":0,"type":"gpio"}
,[25.4.2022 | 1:25:33] {"client-id":"2f8ad619-e553-4dfd-ba0a-848770650685","gpioa":0,"gpiob":0,"gpioc":32768,"gpiod":0,"gpioe":5392,"modeltime":0,"type":"gpio"}
,[25.4.2022 | 1:25:33] {"client-id":"2f8ad619-e553-4dfd-ba0a-848770650685","gpioa":0,"gpiob":0,"gpioc":32768,"gpiod":0,"gpioe":5392,"modeltime":0,"type":"gpio"}
,[25.4.2022 | 1:25:33] {"client-id":"2f8ad619-e553-4dfd-ba0a-848770650685","gpioa":0,"gpiob":0,"gpioc":32768,"gpiod":0,"gpioe":5392,"modeltime":0,"type":"gpio"}
,[25.4.2022 | 1:25:33] {"client-id":"2f8ad619-e553-4dfd-ba0a-848770650685","gpioa":0,"gpiob":0,"gpioc":32768,"gpiod":0,"gpioe":5392,"modeltime":0,"type":"gpio"}
,[25.4.2022 | 1:25:33] {"client-id":"2f8ad619-e553-4dfd-ba0a-848770650685","gpioa":0,"gpiob":0,"gpioc":32768,"gpiod":0,"gpioe":5392,"modeltime":0,"type":"gpio"}
,[25.4.2022 | 1:25:34] {"client-id":"2f8ad619-e553-4dfd-ba0a-848770650685","gpioa":0,"gpiob":0,"gpioc":32768,"gpiod":0,"gpioe":5392,"modeltime":0,"type":"gpio"}
,[25.4.2022 | 1:25:34] {"client-id":"2f8ad619-e553-4dfd-ba0a-848770650685","gpioa":0,"gpiob":0,"gpioc":32768,"gpiod":0,"gpioe":5392,"modeltime":0,"type":"gpio"}
,[25.4.2022 | 1:25:34] {"client-id":"2f8ad619-e553-4dfd-ba0a-848770650685","gpioa":0,"gpiob":0,"gpioc":32768,"gpiod":0,"gpioe":5392,"modeltime":0,"type":"gpio"}
,[25.4.2022 | 1:25:34] {"client-id":"2f8ad619-e553-4dfd-ba0a-848770650685","gpioa":0,"gpiob":0,"gpioc":32768,"gpiod":0,"gpioe":5392,"modeltime":0,"type":"gpio"}
,[25.4.2022 | 1:25:34] {"client-id":"2f8ad619-e553-4dfd-ba0a-848770650685","gpioa":0,"gpiob":0,"gpioc":32768,"gpiod":4104,"gpioe":5392,"modeltime":0,"type":"gpio"}
,[25.4.2022 | 1:25:34] {"client-id":"2f8ad619-e553-4dfd-ba0a-848770650685","gpioa":0,"gpiob":0,"gpioc":32768,"gpiod":4104,"gpioe":5392,"modeltime":0,"type":"gpio"}
,[25.4.2022 | 1:25:34] {"client-id":"2f8ad619-e553-4dfd-ba0a-848770650685","gpioa":0,"gpiob":0,"gpioc":32768,"gpiod":4104,"gpioe":5392,"modeltime":0,"type":"gpio"}
,[25.4.2022 | 1:25:34] {"client-id":"2f8ad619-e553-4dfd-ba0a-848770650685","gpioa":0,"gpiob":0,"gpioc":32768,"gpiod":4104,"gpioe":5392,"modeltime":0,"type":"gpio"}
,[25.4.2022 | 1:25:34] {"client-id":"2f8ad619-e553-4dfd-ba0a-848770650685","gpioa":0,"gpiob":0,"gpioc":32768,"gpiod":4104,"gpioe":5392,"modeltime":0,"type":"gpio"}
,[25.4.2022 | 1:25:34] {"client-id":"2f8ad619-e553-4dfd-ba0a-848770650685","gpioa":0,"gpiob":0,"gpioc":32768,"gpiod":4104,"gpioe":5392,"modeltime":0,"type":"gpio"}
,[25.4.2022 | 1:25:35] {"client-id":"2f8ad619-e553-4dfd-ba0a-848770650685","gpioa":0,"gpiob":0,"gpioc":32768,"gpiod":4104,"gpioe":5392,"modeltime":0,"type":"gpio"}
,[25.4.2022 | 1:25:35] {"client-id":"2f8ad619-e553-4dfd-ba0a-848770650685","gpioa":0,"gpiob":0,"gpioc":32768,"gpiod":4104,"gpioe":5392,"modeltime":0,"type":"gpio"}
,[25.4.2022 | 1:25:35] {"client-id":"2f8ad619-e553-4dfd-ba0a-848770650685","gpioa":0,"gpiob":0,"gpioc":32768,"gpiod":4104,"gpioe":5392,"modeltime":0,"type":"gpio"}
,[25.4.2022 | 1:25:35] {"client-id":"2f8ad619-e553-4dfd-ba0a-848770650685","gpioa":0,"gpiob":0,"gpioc":32768,"gpiod":4104,"gpioe":5392,"modeltime":0,"type":"gpio"}
,[25.4.2022 | 1:25:35] {"client-id":"2f8ad619-e553-4dfd-ba0a-848770650685","gpioa":0,"gpiob":0,"gpioc":32768,"gpiod":4104,"gpioe":5392,"modeltime":0,"type":"gpio"}
,[25.4.2022 | 1:25:35] {"client-id":"2f8ad619-e553-4dfd-ba0a-848770650685","gpioa":0,"gpiob":0,"gpioc":32768,"gpiod":4104,"gpioe":5392,"modeltime":0,"type":"gpio"}
,[25.4.2022 | 1:25:35] {"client-id":"2f8ad619-e553-4dfd-ba0a-848770650685","gpioa":0,"gpiob":0,"gpioc":32768,"gpiod":4104,"gpioe":5392,"modeltime":0,"type":"gpio"}
,[25.4.2022 | 1:25:35] {"client-id":"2f8ad619-e553-4dfd-ba0a-848770650685","gpioa":0,"gpiob":0,"gpioc":32768,"gpiod":4104,"gpioe":5392,"modeltime":0,"type":"gpio"}
,[25.4.2022 | 1:25:35] {"client-id":"2f8ad619-e553-4dfd-ba0a-848770650685","gpioa":0,"gpiob":0,"gpioc":32768,"gpiod":4104,"gpioe":5392,"modeltime":0,"type":"gpio"}
,[25.4.2022 | 1:25:35] {"client-id":"2f8ad619-e553-4dfd-ba0a-848770650685","gpioa":0,"gpiob":0,"gpioc":32768,"gpiod":4104,"gpioe":5392,"modeltime":0,"type":"gpio"}
,[25.4.2022 | 1:25:36] {"client-id":"2f8ad619-e553-4dfd-ba0a-848770650685","gpioa":0,"gpiob":0,"gpioc":32768,"gpiod":4104,"gpioe":5392,"modeltime":0,"type":"gpio"}
,[25.4.2022 | 1:25:36] {"client-id":"2f8ad619-e553-4dfd-ba0a-848770650685","gpioa":0,"gpiob":0,"gpioc":32768,"gpiod":4104,"gpioe":5392,"modeltime":0,"type":"gpio"}
,[25.4.2022 | 1:25:36] {"client-id":"2f8ad619-e553-4dfd-ba0a-848770650685","gpioa":0,"gpiob":0,"gpioc":32768,"gpiod":4104,"gpioe":5392,"modeltime":0,"type":"gpio"}
,[25.4.2022 | 1:25:36] {"client-id":"2f8ad619-e553-4dfd-ba0a-848770650685","gpioa":0,"gpiob":0,"gpioc":32768,"gpiod":4104,"gpioe":5392,"modeltime":0,"type":"gpio"}
,[25.4.2022 | 1:25:36] {"client-id":"2f8ad619-e553-4dfd-ba0a-848770650685","gpioa":0,"gpiob":0,"gpioc":32768,"gpiod":4104,"gpioe":5392,"modeltime":0,"type":"gpio"}
,[25.4.2022 | 1:25:36] {"client-id":"2f8ad619-e553-4dfd-ba0a-848770650685","gpioa":0,"gpiob":0,"gpioc":32768,"gpiod":4104,"gpioe":5392,"modeltime":0,"type":"gpio"}
,[25.4.2022 | 1:25:36] {"client-id":"2f8ad619-e553-4dfd-ba0a-848770650685","gpioa":0,"gpiob":0,"gpioc":32768,"gpiod":4104,"gpioe":5392,"modeltime":0,"type":"gpio"}
,[25.4.2022 | 1:25:36] {"client-id":"2f8ad619-e553-4dfd-ba0a-848770650685","gpioa":0,"gpiob":0,"gpioc":32768,"gpiod":4104,"gpioe":5392,"modeltime":0,"type":"gpio"}
,[25.4.2022 | 1:25:36] {"client-id":"2f8ad619-e553-4dfd-ba0a-848770650685","gpioa":0,"gpiob":0,"gpioc":32768,"gpiod":4104,"gpioe":5392,"modeltime":0,"type":"gpio"}
,[25.4.2022 | 1:25:36] {"client-id":"2f8ad619-e553-4dfd-ba0a-848770650685","gpioa":0,"gpiob":0,"gpioc":32768,"gpiod":4104,"gpioe":5392,"modeltime":0,"type":"gpio"}
,[25.4.2022 | 1:25:37] {"client-id":"2f8ad619-e553-4dfd-ba0a-848770650685","gpioa":0,"gpiob":0,"gpioc":32768,"gpiod":4104,"gpioe":5392,"modeltime":0,"type":"gpio"}
,[25.4.2022 | 1:25:37] {"client-id":"2f8ad619-e553-4dfd-ba0a-848770650685","gpioa":0,"gpiob":0,"gpioc":32768,"gpiod":4104,"gpioe":5392,"modeltime":0,"type":"gpio"}
,[25.4.2022 | 1:25:37] {"client-id":"2f8ad619-e553-4dfd-ba0a-848770650685","gpioa":0,"gpiob":0,"gpioc":32768,"gpiod":4104,"gpioe":5392,"modeltime":0,"type":"gpio"}
,[25.4.2022 | 1:25:37] {"client-id":"2f8ad619-e553-4dfd-ba0a-848770650685","gpioa":0,"gpiob":0,"gpioc":32768,"gpiod":4104,"gpioe":5392,"modeltime":0,"type":"gpio"}
,[25.4.2022 | 1:25:37] {"client-id":"2f8ad619-e553-4dfd-ba0a-848770650685","gpioa":0,"gpiob":0,"gpioc":32768,"gpiod":6168,"gpioe":5392,"modeltime":0,"type":"gpio"}
,[25.4.2022 | 1:25:37] {"client-id":"2f8ad619-e553-4dfd-ba0a-848770650685","gpioa":0,"gpiob":0,"gpioc":32768,"gpiod":6168,"gpioe":5392,"modeltime":0,"type":"gpio"}
,[25.4.2022 | 1:25:37] {"client-id":"2f8ad619-e553-4dfd-ba0a-848770650685","gpioa":0,"gpiob":0,"gpioc":32768,"gpiod":6168,"gpioe":5392,"modeltime":0,"type":"gpio"}
,[25.4.2022 | 1:25:37] {"client-id":"2f8ad619-e553-4dfd-ba0a-848770650685","gpioa":0,"gpiob":0,"gpioc":32768,"gpiod":6168,"gpioe":5392,"modeltime":0,"type":"gpio"}
,[25.4.2022 | 1:25:37] {"client-id":"2f8ad619-e553-4dfd-ba0a-848770650685","gpioa":0,"gpiob":0,"gpioc":32768,"gpiod":6168,"gpioe":5392,"modeltime":0,"type":"gpio"}
,[25.4.2022 | 1:25:37] {"client-id":"2f8ad619-e553-4dfd-ba0a-848770650685","gpioa":0,"gpiob":0,"gpioc":32768,"gpiod":6168,"gpioe":5392,"modeltime":0,"type":"gpio"}
,[25.4.2022 | 1:25:38] {"client-id":"2f8ad619-e553-4dfd-ba0a-848770650685","gpioa":0,"gpiob":0,"gpioc":32768,"gpiod":6168,"gpioe":5392,"modeltime":0,"type":"gpio"}
,[25.4.2022 | 1:25:38] {"client-id":"2f8ad619-e553-4dfd-ba0a-848770650685","gpioa":0,"gpiob":0,"gpioc":32768,"gpiod":6168,"gpioe":5392,"modeltime":0,"type":"gpio"}
,[25.4.2022 | 1:25:38] {"client-id":"2f8ad619-e553-4dfd-ba0a-848770650685","gpioa":0,"gpiob":0,"gpioc":32768,"gpiod":6168,"gpioe":5392,"modeltime":0,"type":"gpio"}
,[25.4.2022 | 1:25:38] {"client-id":"2f8ad619-e553-4dfd-ba0a-848770650685","gpioa":0,"gpiob":0,"gpioc":32768,"gpiod":6168,"gpioe":5392,"modeltime":0,"type":"gpio"}
,[25.4.2022 | 1:25:38] {"client-id":"2f8ad619-e553-4dfd-ba0a-848770650685","gpioa":0,"gpiob":0,"gpioc":32768,"gpiod":6168,"gpioe":5392,"modeltime":0,"type":"gpio"}
,[25.4.2022 | 1:25:38] {"client-id":"2f8ad619-e553-4dfd-ba0a-848770650685","gpioa":0,"gpiob":0,"gpioc":32768,"gpiod":6168,"gpioe":5392,"modeltime":0,"type":"gpio"}
,[25.4.2022 | 1:25:38] {"client-id":"2f8ad619-e553-4dfd-ba0a-848770650685","gpioa":0,"gpiob":0,"gpioc":32768,"gpiod":6168,"gpioe":5392,"modeltime":0,"type":"gpio"}
,[25.4.2022 | 1:25:38] {"client-id":"2f8ad619-e553-4dfd-ba0a-848770650685","gpioa":0,"gpiob":0,"gpioc":32768,"gpiod":6168,"gpioe":5392,"modeltime":0,"type":"gpio"}
,[25.4.2022 | 1:25:38] {"client-id":"2f8ad619-e553-4dfd-ba0a-848770650685","gpioa":0,"gpiob":0,"gpioc":32768,"gpiod":6168,"gpioe":5392,"modeltime":0,"type":"gpio"}
,[25.4.2022 | 1:25:38] {"client-id":"2f8ad619-e553-4dfd-ba0a-848770650685","gpioa":0,"gpiob":0,"gpioc":32768,"gpiod":6168,"gpioe":5392,"modeltime":0,"type":"gpio"}
,[25.4.2022 | 1:25:39] {"client-id":"2f8ad619-e553-4dfd-ba0a-848770650685","gpioa":0,"gpiob":0,"gpioc":32768,"gpiod":6168,"gpioe":5392,"modeltime":0,"type":"gpio"}
,[25.4.2022 | 1:25:39] {"client-id":"2f8ad619-e553-4dfd-ba0a-848770650685","gpioa":0,"gpiob":0,"gpioc":32768,"gpiod":6168,"gpioe":5392,"modeltime":0,"type":"gpio"}
,[25.4.2022 | 1:25:39] {"client-id":"2f8ad619-e553-4dfd-ba0a-848770650685","gpioa":0,"gpiob":0,"gpioc":32768,"gpiod":6168,"gpioe":5392,"modeltime":0,"type":"gpio"}
,[25.4.2022 | 1:25:39] {"client-id":"2f8ad619-e553-4dfd-ba0a-848770650685","gpioa":0,"gpiob":0,"gpioc":32768,"gpiod":6168,"gpioe":5392,"modeltime":0,"type":"gpio"}
,[25.4.2022 | 1:25:39] {"client-id":"2f8ad619-e553-4dfd-ba0a-848770650685","gpioa":0,"gpiob":0,"gpioc":32768,"gpiod":6168,"gpioe":5392,"modeltime":0,"type":"gpio"}
,[25.4.2022 | 1:25:39] {"client-id":"2f8ad619-e553-4dfd-ba0a-848770650685","gpioa":0,"gpiob":0,"gpioc":32768,"gpiod":6168,"gpioe":5392,"modeltime":0,"type":"gpio"}
,[25.4.2022 | 1:25:39] {"client-id":"2f8ad619-e553-4dfd-ba0a-848770650685","gpioa":0,"gpiob":0,"gpioc":32768,"gpiod":6168,"gpioe":5392,"modeltime":0,"type":"gpio"}
,[25.4.2022 | 1:25:39] {"client-id":"2f8ad619-e553-4dfd-ba0a-848770650685","gpioa":0,"gpiob":0,"gpioc":32768,"gpiod":6168,"gpioe":5392,"modeltime":0,"type":"gpio"}
,[25.4.2022 | 1:25:39] {"client-id":"2f8ad619-e553-4dfd-ba0a-848770650685","gpioa":0,"gpiob":0,"gpioc":32768,"gpiod":6168,"gpioe":5392,"modeltime":0,"type":"gpio"}
,[25.4.2022 | 1:25:39] {"client-id":"2f8ad619-e553-4dfd-ba0a-848770650685","gpioa":0,"gpiob":0,"gpioc":32768,"gpiod":6168,"gpioe":5392,"modeltime":0,"type":"gpio"}
,[25.4.2022 | 1:25:40] {"client-id":"2f8ad619-e553-4dfd-ba0a-848770650685","gpioa":0,"gpiob":0,"gpioc":32768,"gpiod":6168,"gpioe":5392,"modeltime":0,"type":"gpio"}
,[25.4.2022 | 1:25:40] {"client-id":"2f8ad619-e553-4dfd-ba0a-848770650685","gpioa":0,"gpiob":0,"gpioc":32768,"gpiod":6168,"gpioe":5392,"modeltime":0,"type":"gpio"}
,[25.4.2022 | 1:25:40] {"client-id":"2f8ad619-e553-4dfd-ba0a-848770650685","gpioa":0,"gpiob":0,"gpioc":32768,"gpiod":6168,"gpioe":5392,"modeltime":0,"type":"gpio"}
,[25.4.2022 | 1:25:40] {"client-id":"2f8ad619-e553-4dfd-ba0a-848770650685","gpioa":0,"gpiob":0,"gpioc":32768,"gpiod":6168,"gpioe":5392,"modeltime":0,"type":"gpio"}
,[25.4.2022 | 1:25:40] {"client-id":"2f8ad619-e553-4dfd-ba0a-848770650685","gpioa":0,"gpiob":0,"gpioc":32768,"gpiod":6168,"gpioe":5392,"modeltime":0,"type":"gpio"}
,[25.4.2022 | 1:25:40] {"client-id":"2f8ad619-e553-4dfd-ba0a-848770650685","gpioa":0,"gpiob":0,"gpioc":32768,"gpiod":6168,"gpioe":5392,"modeltime":0,"type":"gpio"}
,[25.4.2022 | 1:25:40] {"client-id":"2f8ad619-e553-4dfd-ba0a-848770650685","gpioa":0,"gpiob":0,"gpioc":32768,"gpiod":6168,"gpioe":5392,"modeltime":0,"type":"gpio"}
,[25.4.2022 | 1:25:40] {"client-id":"2f8ad619-e553-4dfd-ba0a-848770650685","gpioa":0,"gpiob":0,"gpioc":32768,"gpiod":6168,"gpioe":5392,"modeltime":0,"type":"gpio"}
,[25.4.2022 | 1:25:40] {"client-id":"2f8ad619-e553-4dfd-ba0a-848770650685","gpioa":0,"gpiob":0,"gpioc":32768,"gpiod":6168,"gpioe":5392,"modeltime":0,"type":"gpio"}
,[25.4.2022 | 1:25:40] {"client-id":"2f8ad619-e553-4dfd-ba0a-848770650685","gpioa":0,"gpiob":0,"gpioc":32768,"gpiod":6168,"gpioe":5392,"modeltime":0,"type":"gpio"}
,[25.4.2022 | 1:25:41] {"client-id":"2f8ad619-e553-4dfd-ba0a-848770650685","gpioa":0,"gpiob":0,"gpioc":32768,"gpiod":6168,"gpioe":5392,"modeltime":0,"type":"gpio"}
,[25.4.2022 | 1:25:41] {"client-id":"2f8ad619-e553-4dfd-ba0a-848770650685","gpioa":0,"gpiob":0,"gpioc":32768,"gpiod":6168,"gpioe":5392,"modeltime":0,"type":"gpio"}
,[25.4.2022 | 1:25:41] {"client-id":"2f8ad619-e553-4dfd-ba0a-848770650685","gpioa":0,"gpiob":0,"gpioc":32768,"gpiod":6168,"gpioe":5392,"modeltime":0,"type":"gpio"}
,[25.4.2022 | 1:25:41] {"client-id":"2f8ad619-e553-4dfd-ba0a-848770650685","gpioa":0,"gpiob":0,"gpioc":32768,"gpiod":6168,"gpioe":5392,"modeltime":0,"type":"gpio"}
,[25.4.2022 | 1:25:41] {"client-id":"2f8ad619-e553-4dfd-ba0a-848770650685","gpioa":0,"gpiob":0,"gpioc":32768,"gpiod":6712,"gpioe":5392,"modeltime":0,"type":"gpio"}
,[25.4.2022 | 1:25:41] {"client-id":"2f8ad619-e553-4dfd-ba0a-848770650685","gpioa":0,"gpiob":0,"gpioc":32768,"gpiod":6712,"gpioe":5392,"modeltime":0,"type":"gpio"}
,[25.4.2022 | 1:25:41] {"client-id":"2f8ad619-e553-4dfd-ba0a-848770650685","gpioa":0,"gpiob":0,"gpioc":32768,"gpiod":6712,"gpioe":5392,"modeltime":0,"type":"gpio"}
,[25.4.2022 | 1:25:41] {"client-id":"2f8ad619-e553-4dfd-ba0a-848770650685","gpioa":0,"gpiob":0,"gpioc":32768,"gpiod":6712,"gpioe":5392,"modeltime":0,"type":"gpio"}
,[25.4.2022 | 1:25:41] {"client-id":"2f8ad619-e553-4dfd-ba0a-848770650685","gpioa":0,"gpiob":0,"gpioc":32768,"gpiod":6712,"gpioe":5392,"modeltime":0,"type":"gpio"}
,[25.4.2022 | 1:25:41] {"client-id":"2f8ad619-e553-4dfd-ba0a-848770650685","gpioa":0,"gpiob":0,"gpioc":32768,"gpiod":6712,"gpioe":5392,"modeltime":0,"type":"gpio"}
,[25.4.2022 | 1:25:42] {"client-id":"2f8ad619-e553-4dfd-ba0a-848770650685","gpioa":0,"gpiob":0,"gpioc":32768,"gpiod":6712,"gpioe":5392,"modeltime":0,"type":"gpio"}
,[25.4.2022 | 1:25:42] {"client-id":"2f8ad619-e553-4dfd-ba0a-848770650685","gpioa":0,"gpiob":0,"gpioc":32768,"gpiod":6712,"gpioe":5392,"modeltime":0,"type":"gpio"}
,[25.4.2022 | 1:25:42] {"client-id":"2f8ad619-e553-4dfd-ba0a-848770650685","gpioa":0,"gpiob":0,"gpioc":32768,"gpiod":6712,"gpioe":5392,"modeltime":0,"type":"gpio"}
,[25.4.2022 | 1:25:42] {"client-id":"2f8ad619-e553-4dfd-ba0a-848770650685","gpioa":0,"gpiob":0,"gpioc":32768,"gpiod":6712,"gpioe":5392,"modeltime":0,"type":"gpio"}
,[25.4.2022 | 1:25:42] {"client-id":"2f8ad619-e553-4dfd-ba0a-848770650685","gpioa":0,"gpiob":0,"gpioc":32768,"gpiod":6712,"gpioe":5392,"modeltime":0,"type":"gpio"}
,[25.4.2022 | 1:25:42] {"client-id":"2f8ad619-e553-4dfd-ba0a-848770650685","gpioa":0,"gpiob":0,"gpioc":32768,"gpiod":6712,"gpioe":5392,"modeltime":0,"type":"gpio"}
,[25.4.2022 | 1:25:42] {"client-id":"2f8ad619-e553-4dfd-ba0a-848770650685","gpioa":0,"gpiob":0,"gpioc":32768,"gpiod":6712,"gpioe":5392,"modeltime":0,"type":"gpio"}
,[25.4.2022 | 1:25:42] {"client-id":"2f8ad619-e553-4dfd-ba0a-848770650685","gpioa":0,"gpiob":0,"gpioc":32768,"gpiod":6712,"gpioe":5392,"modeltime":0,"type":"gpio"}
,[25.4.2022 | 1:25:42] {"client-id":"2f8ad619-e553-4dfd-ba0a-848770650685","gpioa":0,"gpiob":0,"gpioc":32768,"gpiod":6712,"gpioe":5392,"modeltime":0,"type":"gpio"}
,[25.4.2022 | 1:25:42] {"client-id":"2f8ad619-e553-4dfd-ba0a-848770650685","gpioa":0,"gpiob":0,"gpioc":32768,"gpiod":6712,"gpioe":5392,"modeltime":0,"type":"gpio"}
,[25.4.2022 | 1:25:43] {"client-id":"2f8ad619-e553-4dfd-ba0a-848770650685","gpioa":0,"gpiob":0,"gpioc":32768,"gpiod":6712,"gpioe":5392,"modeltime":0,"type":"gpio"}
,[25.4.2022 | 1:25:43] {"client-id":"2f8ad619-e553-4dfd-ba0a-848770650685","gpioa":0,"gpiob":0,"gpioc":32768,"gpiod":6712,"gpioe":5392,"modeltime":0,"type":"gpio"}
,[25.4.2022 | 1:25:43] {"client-id":"2f8ad619-e553-4dfd-ba0a-848770650685","gpioa":0,"gpiob":0,"gpioc":32768,"gpiod":6712,"gpioe":5392,"modeltime":0,"type":"gpio"}
,[25.4.2022 | 1:25:43] {"client-id":"2f8ad619-e553-4dfd-ba0a-848770650685","gpioa":0,"gpiob":0,"gpioc":32768,"gpiod":6712,"gpioe":5392,"modeltime":0,"type":"gpio"}
,[25.4.2022 | 1:25:43] {"client-id":"2f8ad619-e553-4dfd-ba0a-848770650685","gpioa":0,"gpiob":0,"gpioc":32768,"gpiod":6712,"gpioe":5392,"modeltime":0,"type":"gpio"}
,[25.4.2022 | 1:25:43] {"client-id":"2f8ad619-e553-4dfd-ba0a-848770650685","gpioa":0,"gpiob":0,"gpioc":32768,"gpiod":6712,"gpioe":5392,"modeltime":0,"type":"gpio"}
,[25.4.2022 | 1:25:43] {"client-id":"2f8ad619-e553-4dfd-ba0a-848770650685","gpioa":0,"gpiob":0,"gpioc":32768,"gpiod":6712,"gpioe":5392,"modeltime":0,"type":"gpio"}
,[25.4.2022 | 1:25:43] {"client-id":"2f8ad619-e553-4dfd-ba0a-848770650685","gpioa":0,"gpiob":0,"gpioc":32768,"gpiod":6712,"gpioe":5392,"modeltime":0,"type":"gpio"}
,[25.4.2022 | 1:25:43] {"client-id":"2f8ad619-e553-4dfd-ba0a-848770650685","gpioa":0,"gpiob":0,"gpioc":32768,"gpiod":6712,"gpioe":5392,"modeltime":0,"type":"gpio"}
,[25.4.2022 | 1:25:43] {"client-id":"2f8ad619-e553-4dfd-ba0a-848770650685","gpioa":0,"gpiob":0,"gpioc":32768,"gpiod":6712,"gpioe":5392,"modeltime":0,"type":"gpio"}
,[25.4.2022 | 1:25:44] {"client-id":"2f8ad619-e553-4dfd-ba0a-848770650685","gpioa":0,"gpiob":0,"gpioc":32768,"gpiod":6712,"gpioe":5392,"modeltime":0,"type":"gpio"}
,[25.4.2022 | 1:25:44] {"client-id":"2f8ad619-e553-4dfd-ba0a-848770650685","gpioa":0,"gpiob":0,"gpioc":32768,"gpiod":6712,"gpioe":5392,"modeltime":0,"type":"gpio"}
,[25.4.2022 | 1:25:44] {"client-id":"2f8ad619-e553-4dfd-ba0a-848770650685","gpioa":0,"gpiob":0,"gpioc":32768,"gpiod":6712,"gpioe":5392,"modeltime":0,"type":"gpio"}
,[25.4.2022 | 1:25:44] {"client-id":"2f8ad619-e553-4dfd-ba0a-848770650685","gpioa":0,"gpiob":0,"gpioc":32768,"gpiod":6712,"gpioe":5392,"modeltime":0,"type":"gpio"}
,[25.4.2022 | 1:25:44] {"client-id":"2f8ad619-e553-4dfd-ba0a-848770650685","gpioa":0,"gpiob":0,"gpioc":32768,"gpiod":6712,"gpioe":5392,"modeltime":0,"type":"gpio"}
,[25.4.2022 | 1:25:44] {"client-id":"2f8ad619-e553-4dfd-ba0a-848770650685","gpioa":0,"gpiob":0,"gpioc":32768,"gpiod":6712,"gpioe":5392,"modeltime":0,"type":"gpio"}
,[25.4.2022 | 1:25:44] {"client-id":"2f8ad619-e553-4dfd-ba0a-848770650685","gpioa":0,"gpiob":0,"gpioc":32768,"gpiod":6712,"gpioe":5392,"modeltime":0,"type":"gpio"}
,[25.4.2022 | 1:25:44] {"client-id":"2f8ad619-e553-4dfd-ba0a-848770650685","gpioa":0,"gpiob":0,"gpioc":32768,"gpiod":6712,"gpioe":5392,"modeltime":0,"type":"gpio"}
,[25.4.2022 | 1:25:44] {"client-id":"2f8ad619-e553-4dfd-ba0a-848770650685","gpioa":0,"gpiob":0,"gpioc":32768,"gpiod":6712,"gpioe":5392,"modeltime":0,"type":"gpio"}
,[25.4.2022 | 1:25:44] {"client-id":"2f8ad619-e553-4dfd-ba0a-848770650685","gpioa":0,"gpiob":0,"gpioc":32768,"gpiod":6712,"gpioe":5392,"modeltime":0,"type":"gpio"}
,[25.4.2022 | 1:25:45] {"client-id":"2f8ad619-e553-4dfd-ba0a-848770650685","gpioa":0,"gpiob":0,"gpioc":32768,"gpiod":6712,"gpioe":5392,"modeltime":0,"type":"gpio"}
,[25.4.2022 | 1:25:45] {"client-id":"2f8ad619-e553-4dfd-ba0a-848770650685","gpioa":0,"gpiob":0,"gpioc":32768,"gpiod":6712,"gpioe":5392,"modeltime":0,"type":"gpio"}
,[25.4.2022 | 1:25:45] {"client-id":"2f8ad619-e553-4dfd-ba0a-848770650685","gpioa":0,"gpiob":0,"gpioc":32768,"gpiod":6712,"gpioe":5392,"modeltime":0,"type":"gpio"}
,[25.4.2022 | 1:25:45] {"client-id":"2f8ad619-e553-4dfd-ba0a-848770650685","gpioa":0,"gpiob":0,"gpioc":32768,"gpiod":6712,"gpioe":5392,"modeltime":0,"type":"gpio"}
,[25.4.2022 | 1:25:45] {"client-id":"2f8ad619-e553-4dfd-ba0a-848770650685","gpioa":0,"gpiob":0,"gpioc":32768,"gpiod":7032,"gpioe":5392,"modeltime":0,"type":"gpio"}
,[25.4.2022 | 1:25:45] {"client-id":"2f8ad619-e553-4dfd-ba0a-848770650685","gpioa":0,"gpiob":0,"gpioc":32768,"gpiod":7032,"gpioe":5392,"modeltime":0,"type":"gpio"}
,[25.4.2022 | 1:25:45] {"client-id":"2f8ad619-e553-4dfd-ba0a-848770650685","gpioa":0,"gpiob":0,"gpioc":32768,"gpiod":7032,"gpioe":5392,"modeltime":0,"type":"gpio"}
,[25.4.2022 | 1:25:45] {"client-id":"2f8ad619-e553-4dfd-ba0a-848770650685","gpioa":0,"gpiob":0,"gpioc":32768,"gpiod":7032,"gpioe":5392,"modeltime":0,"type":"gpio"}
,[25.4.2022 | 1:25:45] {"client-id":"2f8ad619-e553-4dfd-ba0a-848770650685","gpioa":0,"gpiob":0,"gpioc":32768,"gpiod":7032,"gpioe":5392,"modeltime":0,"type":"gpio"}
,[25.4.2022 | 1:25:45] {"client-id":"2f8ad619-e553-4dfd-ba0a-848770650685","gpioa":0,"gpiob":0,"gpioc":32768,"gpiod":7032,"gpioe":5392,"modeltime":0,"type":"gpio"}
,[25.4.2022 | 1:25:46] {"client-id":"2f8ad619-e553-4dfd-ba0a-848770650685","gpioa":0,"gpiob":0,"gpioc":32768,"gpiod":7032,"gpioe":5392,"modeltime":0,"type":"gpio"}
,[25.4.2022 | 1:25:46] {"client-id":"2f8ad619-e553-4dfd-ba0a-848770650685","gpioa":0,"gpiob":0,"gpioc":32768,"gpiod":7032,"gpioe":5392,"modeltime":0,"type":"gpio"}
,[25.4.2022 | 1:25:46] {"client-id":"2f8ad619-e553-4dfd-ba0a-848770650685","gpioa":0,"gpiob":0,"gpioc":32768,"gpiod":7032,"gpioe":5392,"modeltime":0,"type":"gpio"}
,[25.4.2022 | 1:25:46] {"client-id":"2f8ad619-e553-4dfd-ba0a-848770650685","gpioa":0,"gpiob":0,"gpioc":32768,"gpiod":7032,"gpioe":5392,"modeltime":0,"type":"gpio"}
